This is pdfTeXk, Version 3.141592-1.40.3 (Web2C 7.5.6) (format=mptopdf 2016.5.4)  11 MAY 2016 09:40
 %&-line parsing enabled.
**\relax SetTheory.9
 (./SetTheory.9{/var/lib/texmf/fonts/map/pdftex/updmap/pdftex.map})
[warning: the width is less than 1in] [warning: the height is less than 1in]
[1] 
Here is how much of TeX's memory you used:
 82 strings out of 259026
 617 string characters out of 1954083
 4016021 words of memory out of 5502098
 1597 multiletter control sequences out of 10000+200000
 366 words of font info for 1 font, out of 1200000 for 2000
 0 hyphenation exceptions out of 8191
 9i,3n,7p,103b,232s stack positions out of 5000i,500n,6000p,200000b,15000s
</usr/share/texmf/fonts/type1/bluesky/cm/cmmi10.pfb>
Output written on SetTheory.pdf (1 page, 4117 bytes).
PDF statistics:
 12 PDF objects out of 1000 (max. 8388607)
 0 named destinations out of 1000 (max. 131072)
 7 words of extra memory for PDF output out of 10000 (max. 10000000)

