\BOOKMARK [0][-]{Doc-Start}{Table\040of\040Contents}{}% 1
\BOOKMARK [0][-]{section*.2}{Preface}{}% 2
\BOOKMARK [0][-]{chapter.1}{1\040The\040Real\040Numbers}{}% 3
\BOOKMARK [1][-]{section.1.1}{1.1\040Some\040Basic\040Set\040Theory\040Notions}{chapter.1}% 4
\BOOKMARK [2][-]{subsection.1.1.1}{1.1.1\040Sets\040of\040Real\040Numbers}{section.1.1}% 5
\BOOKMARK [1][-]{section.1.2}{1.2\040Real\040Number\040Arithmetic}{chapter.1}% 6
\BOOKMARK [1][-]{section.1.3}{1.3\040The\040Cartesian\040Coordinate\040Plane}{chapter.1}% 7
\BOOKMARK [2][-]{subsection.1.3.1}{1.3.1\040Distance\040in\040the\040Plane}{section.1.3}% 8
\BOOKMARK [0][-]{chapter.2}{2\040Relations\040and\040Functions}{}% 9
\BOOKMARK [1][-]{section.2.1}{2.1\040Relations}{chapter.2}% 10
\BOOKMARK [2][-]{subsection.2.1.1}{2.1.1\040Graphs\040of\040Equations}{section.2.1}% 11
\BOOKMARK [1][-]{section.2.2}{2.2\040Introduction\040to\040Functions}{chapter.2}% 12
\BOOKMARK [1][-]{section.2.3}{2.3\040Function\040Notation}{chapter.2}% 13
\BOOKMARK [2][-]{subsection.2.3.1}{2.3.1\040Modelling\040with\040Functions}{section.2.3}% 14
\BOOKMARK [1][-]{section.2.4}{2.4\040Function\040Arithmetic}{chapter.2}% 15
\BOOKMARK [1][-]{section.2.5}{2.5\040Graphs\040of\040Functions}{chapter.2}% 16
\BOOKMARK [2][-]{subsection.2.5.1}{2.5.1\040General\040Function\040Behaviour}{section.2.5}% 17
\BOOKMARK [1][-]{section.2.6}{2.6\040Transformations}{chapter.2}% 18
\BOOKMARK [0][-]{chapter.3}{3\040Linear\040and\040Quadratic\040Functions}{}% 19
\BOOKMARK [1][-]{section.3.1}{3.1\040Linear\040Functions}{chapter.3}% 20
\BOOKMARK [1][-]{section.3.2}{3.2\040Absolute\040Value\040Functions}{chapter.3}% 21
\BOOKMARK [1][-]{section.3.3}{3.3\040Quadratic\040Functions}{chapter.3}% 22
\BOOKMARK [1][-]{section.3.4}{3.4\040Inequalities\040with\040Absolute\040Value\040and\040Quadratic\040Functions}{chapter.3}% 23
\BOOKMARK [0][-]{chapter.4}{4\040Polynomial\040Functions}{}% 24
\BOOKMARK [1][-]{section.4.1}{4.1\040Graphs\040of\040Polynomial\040Functions}{chapter.4}% 25
\BOOKMARK [1][-]{section.4.2}{4.2\040The\040Factor\040Theorem\040and\040the\040Remainder\040Theorem}{chapter.4}% 26
\BOOKMARK [1][-]{section.4.3}{4.3\040Real\040Zeros\040of\040Polynomials}{chapter.4}% 27
\BOOKMARK [0][-]{chapter.5}{5\040Rational\040Functions}{}% 28
\BOOKMARK [1][-]{section.5.1}{5.1\040Introduction\040to\040Rational\040Functions}{chapter.5}% 29
\BOOKMARK [1][-]{section.5.2}{5.2\040Graphs\040of\040Rational\040Functions}{chapter.5}% 30
\BOOKMARK [0][-]{chapter.6}{6\040Function\040Composition\040and\040Inverses}{}% 31
\BOOKMARK [1][-]{section.6.1}{6.1\040Function\040Composition}{chapter.6}% 32
\BOOKMARK [1][-]{section.6.2}{6.2\040Inverse\040Functions}{chapter.6}% 33
\BOOKMARK [0][-]{chapter.7}{7\040Exponential\040and\040Logarithmic\040Functions}{}% 34
\BOOKMARK [1][-]{section.7.1}{7.1\040Introduction\040to\040Exponential\040and\040Logarithmic\040Functions}{chapter.7}% 35
\BOOKMARK [1][-]{section.7.2}{7.2\040Properties\040of\040Logarithms}{chapter.7}% 36
\BOOKMARK [0][-]{chapter.8}{8\040Foundations\040of\040Trigonometry}{}% 37
\BOOKMARK [1][-]{section.8.1}{8.1\040Angles\040and\040their\040Measure}{chapter.8}% 38
\BOOKMARK [2][-]{subsection.8.1.1}{8.1.1\040Applications\040of\040Radian\040Measure:\040Circular\040Motion}{section.8.1}% 39
\BOOKMARK [1][-]{section.8.2}{8.2\040The\040Unit\040Circle:\040Sine\040and\040Cosine}{chapter.8}% 40
\BOOKMARK [2][-]{subsection.8.2.1}{8.2.1\040Beyond\040the\040Unit\040Circle}{section.8.2}% 41
\BOOKMARK [1][-]{section.8.3}{8.3\040The\040Six\040Circular\040Functions\040and\040Fundamental\040Identities}{chapter.8}% 42
\BOOKMARK [2][-]{subsection.8.3.1}{8.3.1\040Beyond\040the\040Unit\040Circle}{section.8.3}% 43
\BOOKMARK [1][-]{section.8.4}{8.4\040Trigonometric\040Identities}{chapter.8}% 44
\BOOKMARK [1][-]{section.8.5}{8.5\040Graphs\040of\040the\040Trigonometric\040Functions}{chapter.8}% 45
\BOOKMARK [2][-]{subsection.8.5.1}{8.5.1\040Graphs\040of\040the\040Cosine\040and\040Sine\040Functions}{section.8.5}% 46
\BOOKMARK [2][-]{subsection.8.5.2}{8.5.2\040Graphs\040of\040the\040Secant\040and\040Cosecant\040Functions}{section.8.5}% 47
\BOOKMARK [2][-]{subsection.8.5.3}{8.5.3\040Graphs\040of\040the\040Tangent\040and\040Cotangent\040Functions}{section.8.5}% 48
\BOOKMARK [0][-]{chapter.9}{9\040Limits}{}% 49
\BOOKMARK [1][-]{section.9.1}{9.1\040An\040Introduction\040To\040Limits}{chapter.9}% 50
\BOOKMARK [1][-]{section.9.2}{9.2\040Finding\040Limits\040Analytically}{chapter.9}% 51
\BOOKMARK [1][-]{section.9.3}{9.3\040One\040Sided\040Limits}{chapter.9}% 52
\BOOKMARK [1][-]{section.9.4}{9.4\040Continuity}{chapter.9}% 53
\BOOKMARK [1][-]{section.9.5}{9.5\040Limits\040Involving\040Infinity}{chapter.9}% 54
\BOOKMARK [0][-]{chapter.10}{10\040Derivatives}{}% 55
\BOOKMARK [1][-]{section.10.1}{10.1\040Instantaneous\040Rates\040of\040Change:\040The\040Derivative}{chapter.10}% 56
\BOOKMARK [1][-]{section.10.2}{10.2\040Interpretations\040of\040the\040Derivative}{chapter.10}% 57
\BOOKMARK [1][-]{section.10.3}{10.3\040Basic\040Differentiation\040Rules}{chapter.10}% 58
\BOOKMARK [1][-]{section.10.4}{10.4\040The\040Product\040and\040Quotient\040Rules}{chapter.10}% 59
\BOOKMARK [1][-]{section.10.5}{10.5\040The\040Chain\040Rule}{chapter.10}% 60
\BOOKMARK [0][-]{chapter.11}{11\040The\040Graphical\040Behavior\040of\040Functions}{}% 61
\BOOKMARK [1][-]{section.11.1}{11.1\040Extreme\040Values}{chapter.11}% 62
\BOOKMARK [1][-]{section.11.2}{11.2\040Increasing\040and\040Decreasing\040Functions}{chapter.11}% 63
\BOOKMARK [1][-]{section.11.3}{11.3\040Concavity\040and\040the\040Second\040Derivative}{chapter.11}% 64
\BOOKMARK [1][-]{section.11.4}{11.4\040Curve\040Sketching}{chapter.11}% 65
\BOOKMARK [1][-]{section.11.5}{11.5\040Antiderivatives\040and\040Indefinite\040Integration}{chapter.11}% 66
\BOOKMARK [0][-]{appendix.A}{A\040Answers\040To\040Selected\040Problems}{}% 67
\BOOKMARK [0][-]{section*.599}{Index}{}% 68
