\BOOKMARK [0][-]{Doc-Start}{Table\040of\040Contents}{}% 1
\BOOKMARK [0][-]{section*.2}{Preface}{}% 2
\BOOKMARK [0][-]{chapter.1}{1\040The\040Real\040Numbers}{}% 3
\BOOKMARK [1][-]{section.1.1}{1.1\040Some\040Basic\040Set\040Theory\040Notions}{chapter.1}% 4
\BOOKMARK [2][-]{subsection.1.1.1}{1.1.1\040Sets\040of\040Real\040Numbers}{section.1.1}% 5
\BOOKMARK [1][-]{section.1.2}{1.2\040Real\040Number\040Arithmetic}{chapter.1}% 6
\BOOKMARK [1][-]{section.1.3}{1.3\040The\040Cartesian\040Coordinate\040Plane}{chapter.1}% 7
\BOOKMARK [2][-]{subsection.1.3.1}{1.3.1\040Distance\040in\040the\040Plane}{section.1.3}% 8
\BOOKMARK [1][-]{section.1.4}{1.4\040Complex\040Numbers}{chapter.1}% 9
\BOOKMARK [0][-]{chapter.2}{2\040Relations\040and\040Functions}{}% 10
\BOOKMARK [1][-]{section.2.1}{2.1\040Relations}{chapter.2}% 11
\BOOKMARK [2][-]{subsection.2.1.1}{2.1.1\040Graphs\040of\040Equations}{section.2.1}% 12
\BOOKMARK [1][-]{section.2.2}{2.2\040Introduction\040to\040Functions}{chapter.2}% 13
\BOOKMARK [1][-]{section.2.3}{2.3\040Function\040Notation}{chapter.2}% 14
\BOOKMARK [2][-]{subsection.2.3.1}{2.3.1\040Modelling\040with\040Functions}{section.2.3}% 15
\BOOKMARK [1][-]{section.2.4}{2.4\040Function\040Arithmetic}{chapter.2}% 16
\BOOKMARK [1][-]{section.2.5}{2.5\040Graphs\040of\040Functions}{chapter.2}% 17
\BOOKMARK [2][-]{subsection.2.5.1}{2.5.1\040General\040Function\040Behaviour}{section.2.5}% 18
\BOOKMARK [1][-]{section.2.6}{2.6\040Transformations}{chapter.2}% 19
\BOOKMARK [0][-]{chapter.3}{3\040Linear\040and\040Quadratic\040Functions}{}% 20
\BOOKMARK [1][-]{section.3.1}{3.1\040Linear\040Functions}{chapter.3}% 21
\BOOKMARK [1][-]{section.3.2}{3.2\040Absolute\040Value\040Functions}{chapter.3}% 22
\BOOKMARK [1][-]{section.3.3}{3.3\040Quadratic\040Functions}{chapter.3}% 23
\BOOKMARK [0][-]{appendix.A}{A\040Answers\040To\040Selected\040Problems}{}% 24
\BOOKMARK [0][-]{section*.165}{Index}{}% 25
