This is pdfTeX, Version 3.1415926-2.4-1.40.13 (MiKTeX 2.9) (preloaded format=pdflatex 2013.5.30)  13 AUG 2013 16:44
entering extended mode
**Compiler0.tex
("C:\Users\Carl\Desktop\Summer 2013 Book\Episode IV\Prerequisites\Compiler0.tex"
LaTeX2e <2011/06/27>
Babel <v3.8m> and hyphenation patterns for english, afrikaans, ancientgreek, arabic, armenian, assamese, basque, bengali
, bokmal, bulgarian, catalan, coptic, croatian, czech, danish, dutch, esperanto, estonian, farsi, finnish, french, galic
ian, german, greek, gujarati, hindi, hungarian, icelandic, indonesian, interlingua, irish, italian, kannada, kurmanji, l
atin, latvian, lithuanian, malayalam, marathi, mongolian, mongolianlmc, monogreek, ngerman, nynorsk, oriya, panjabi, pin
yin, polish, portuguese, romanian, russian, sanskrit, serbian, slovak, slovenian, spanish, swedish, swissgerman, tamil, 
telugu, turkish, turkmen, ukenglish, ukrainian, uppersorbian, usenglishmax, welsh, loaded.
("C:\Program Files (x86)\MiKTeX 2.9\tex\latex\base\book.cls"
Document Class: book 2007/10/19 v1.4h Standard LaTeX document class
("C:\Program Files (x86)\MiKTeX 2.9\tex\latex\base\bk11.clo"
File: bk11.clo 2007/10/19 v1.4h Standard LaTeX file (size option)
)
\c@part=\count79
\c@chapter=\count80
\c@section=\count81
\c@subsection=\count82
\c@subsubsection=\count83
\c@paragraph=\count84
\c@subparagraph=\count85
\c@figure=\count86
\c@table=\count87
\abovecaptionskip=\skip41
\belowcaptionskip=\skip42
\bibindent=\dimen102
)
("C:\Program Files (x86)\MiKTeX 2.9\tex\latex\amsfonts\amssymb.sty"
Package: amssymb 2013/01/14 v3.01 AMS font symbols

("C:\Program Files (x86)\MiKTeX 2.9\tex\latex\amsfonts\amsfonts.sty"
Package: amsfonts 2013/01/14 v3.01 Basic AMSFonts support
\@emptytoks=\toks14
\symAMSa=\mathgroup4
\symAMSb=\mathgroup5
LaTeX Font Info:    Overwriting math alphabet `\mathfrak' in version `bold'
(Font)                  U/euf/m/n --> U/euf/b/n on input line 106.
))
("C:\Program Files (x86)\MiKTeX 2.9\tex\latex\amsmath\amsmath.sty"
Package: amsmath 2013/01/14 v2.14 AMS math features
\@mathmargin=\skip43

For additional information on amsmath, use the `?' option.
("C:\Program Files (x86)\MiKTeX 2.9\tex\latex\amsmath\amstext.sty"
Package: amstext 2000/06/29 v2.01

("C:\Program Files (x86)\MiKTeX 2.9\tex\latex\amsmath\amsgen.sty"
File: amsgen.sty 1999/11/30 v2.0
\@emptytoks=\toks15
\ex@=\dimen103
))
("C:\Program Files (x86)\MiKTeX 2.9\tex\latex\amsmath\amsbsy.sty"
Package: amsbsy 1999/11/29 v1.2d
\pmbraise@=\dimen104
)
("C:\Program Files (x86)\MiKTeX 2.9\tex\latex\amsmath\amsopn.sty"
Package: amsopn 1999/12/14 v2.01 operator names
)
\inf@bad=\count88
LaTeX Info: Redefining \frac on input line 210.
\uproot@=\count89
\leftroot@=\count90
LaTeX Info: Redefining \overline on input line 306.
\classnum@=\count91
\DOTSCASE@=\count92
LaTeX Info: Redefining \ldots on input line 378.
LaTeX Info: Redefining \dots on input line 381.
LaTeX Info: Redefining \cdots on input line 466.
\Mathstrutbox@=\box26
\strutbox@=\box27
\big@size=\dimen105
LaTeX Font Info:    Redeclaring font encoding OML on input line 566.
LaTeX Font Info:    Redeclaring font encoding OMS on input line 567.
\macc@depth=\count93
\c@MaxMatrixCols=\count94
\dotsspace@=\muskip10
\c@parentequation=\count95
\dspbrk@lvl=\count96
\tag@help=\toks16
\row@=\count97
\column@=\count98
\maxfields@=\count99
\andhelp@=\toks17
\eqnshift@=\dimen106
\alignsep@=\dimen107
\tagshift@=\dimen108
\tagwidth@=\dimen109
\totwidth@=\dimen110
\lineht@=\dimen111
\@envbody=\toks18
\multlinegap=\skip44
\multlinetaggap=\skip45
\mathdisplay@stack=\toks19
LaTeX Info: Redefining \[ on input line 2665.
LaTeX Info: Redefining \] on input line 2666.
)
("C:\Program Files (x86)\MiKTeX 2.9\tex\latex\amscls\amsthm.sty"
Package: amsthm 2004/08/06 v2.20
\thm@style=\toks20
\thm@bodyfont=\toks21
\thm@headfont=\toks22
\thm@notefont=\toks23
\thm@headpunct=\toks24
\thm@preskip=\skip46
\thm@postskip=\skip47
\thm@headsep=\skip48
\dth@everypar=\toks25
)
("C:\Program Files (x86)\MiKTeX 2.9\tex\latex\fancyhdr\fancyhdr.sty"
\fancy@headwidth=\skip49
\f@ncyO@elh=\skip50
\f@ncyO@erh=\skip51
\f@ncyO@olh=\skip52
\f@ncyO@orh=\skip53
\f@ncyO@elf=\skip54
\f@ncyO@erf=\skip55
\f@ncyO@olf=\skip56
\f@ncyO@orf=\skip57
)
("C:\Program Files (x86)\MiKTeX 2.9\tex\latex\supertabular\supertabular.sty"
Package: supertabular 2004/02/20 v4.1e the supertabular environment
\c@tracingst=\count100
\ST@wd=\dimen112
\ST@rightskip=\skip58
\ST@leftskip=\skip59
\ST@parfillskip=\skip60
\ST@pageleft=\dimen113
\ST@headht=\dimen114
\ST@tailht=\dimen115
\ST@pagesofar=\dimen116
\ST@pboxht=\dimen117
\ST@lineht=\dimen118
\ST@stretchht=\dimen119
\ST@prevht=\dimen120
\ST@toadd=\dimen121
\ST@dimen=\dimen122
\ST@pbox=\box28
)
("C:\Program Files (x86)\MiKTeX 2.9\tex\latex\tools\longtable.sty"
Package: longtable 2004/02/01 v4.11 Multi-page Table package (DPC)
\LTleft=\skip61
\LTright=\skip62
\LTpre=\skip63
\LTpost=\skip64
\LTchunksize=\count101
\LTcapwidth=\dimen123
\LT@head=\box29
\LT@firsthead=\box30
\LT@foot=\box31
\LT@lastfoot=\box32
\LT@cols=\count102
\LT@rows=\count103
\c@LT@tables=\count104
\c@LT@chunks=\count105
\LT@p@ftn=\toks26
)
("C:\Program Files (x86)\MiKTeX 2.9\tex\latex\tools\hhline.sty"
Package: hhline 1994/05/23 v2.03 Table rule package (DPC)
)
("C:\Program Files (x86)\MiKTeX 2.9\tex\latex\colortbl\colortbl.sty"
Package: colortbl 2012/02/13 v1.0a Color table columns (DPC)

("C:\Program Files (x86)\MiKTeX 2.9\tex\latex\tools\array.sty"
Package: array 2008/09/09 v2.4c Tabular extension package (FMi)
\col@sep=\dimen124
\extrarowheight=\dimen125
\NC@list=\toks27
\extratabsurround=\skip65
\backup@length=\skip66
)
("C:\Program Files (x86)\MiKTeX 2.9\tex\latex\graphics\color.sty"
Package: color 2005/11/14 v1.0j Standard LaTeX Color (DPC)

("C:\Program Files (x86)\MiKTeX 2.9\tex\latex\00miktex\color.cfg"
File: color.cfg 2007/01/18 v1.5 color configuration of teTeX/TeXLive
)
Package color Info: Driver file: pdftex.def on input line 130.

("C:\Program Files (x86)\MiKTeX 2.9\tex\latex\pdftex-def\pdftex.def"
File: pdftex.def 2011/05/27 v0.06d Graphics/color for pdfTeX

("C:\Program Files (x86)\MiKTeX 2.9\tex\generic\oberdiek\infwarerr.sty"
Package: infwarerr 2010/04/08 v1.3 Providing info/warning/error messages (HO)
)
("C:\Program Files (x86)\MiKTeX 2.9\tex\generic\oberdiek\ltxcmds.sty"
Package: ltxcmds 2011/11/09 v1.22 LaTeX kernel commands for general use (HO)
)
\Gread@gobject=\count106
))
\everycr=\toks28
\minrowclearance=\skip67
)
("C:\Program Files (x86)\MiKTeX 2.9\tex\latex\import\import.sty"
Package: import 2009/03/23  v 5.1
)
("C:\Program Files (x86)\MiKTeX 2.9\tex\latex\tools\multicol.sty"
Package: multicol 2011/06/27 v1.7a multicolumn formatting (FMi)
\c@tracingmulticols=\count107
\mult@box=\box33
\multicol@leftmargin=\dimen126
\c@unbalance=\count108
\c@collectmore=\count109
\doublecol@number=\count110
\multicoltolerance=\count111
\multicolpretolerance=\count112
\full@width=\dimen127
\page@free=\dimen128
\premulticols=\dimen129
\postmulticols=\dimen130
\multicolsep=\skip68
\multicolbaselineskip=\skip69
\partial@page=\box34
\last@line=\box35
\mult@rightbox=\box36
\mult@grightbox=\box37
\mult@gfirstbox=\box38
\mult@firstbox=\box39
\@tempa=\box40
\@tempa=\box41
\@tempa=\box42
\@tempa=\box43
\@tempa=\box44
\@tempa=\box45
\@tempa=\box46
\@tempa=\box47
\@tempa=\box48
\@tempa=\box49
\@tempa=\box50
\@tempa=\box51
\@tempa=\box52
\@tempa=\box53
\@tempa=\box54
\@tempa=\box55
\@tempa=\box56
\c@columnbadness=\count113
\c@finalcolumnbadness=\count114
\last@try=\dimen131
\multicolovershoot=\dimen132
\multicolundershoot=\dimen133
\mult@nat@firstbox=\box57
\colbreak@box=\box58
\multicol@sort@counter=\count115
)
("C:\Program Files (x86)\MiKTeX 2.9\tex\latex\boxedminipage\boxedminipage.sty")
("C:\Program Files (x86)\MiKTeX 2.9\tex\latex\chapterfolder\chapterfolder.sty"
Package: chapterfolder 2005/11/24 v2.0 Package for dealing with folder

("C:\Program Files (x86)\MiKTeX 2.9\tex\latex\base\ifthen.sty"
Package: ifthen 2001/05/26 v1.1c Standard LaTeX ifthen package (DPC)
)
\c@@cf@currentpos=\count116
)
("C:\Program Files (x86)\MiKTeX 2.9\tex\generic\mfpic\mfpic.sty"
Package: mfpic 2012/12/03 v1.10. Macros for drawing with Metafont/MetaPost.

("C:\Program Files (x86)\MiKTeX 2.9\tex\generic\mfpic\mfpic.tex"
("C:\Program Files (x86)\MiKTeX 2.9\tex\latex\graphics\graphics.sty"
Package: graphics 2009/02/05 v1.0o Standard LaTeX Graphics (DPC,SPQR)

("C:\Program Files (x86)\MiKTeX 2.9\tex\latex\graphics\trig.sty"
Package: trig 1999/03/16 v1.09 sin cos tan (DPC)
)
("C:\Program Files (x86)\MiKTeX 2.9\tex\latex\00miktex\graphics.cfg"
File: graphics.cfg 2007/01/18 v1.5 graphics configuration of teTeX/TeXLive
)
Package graphics Info: Driver file: pdftex.def on input line 91.
)
\mfp@out=\write3
\mfp@graph=\read1
\mfp@count=\count117
\mfp@linetype=\count118
\mfp@sequence=\count119
\mfp@toks=\toks29
\mfp@verbtex=\toks30
\mfp@fdc=\count120
\@wholegraph=\box59
\@textbox=\box60
\@alltlabels=\box61
\@backtext=\box62
\@tlabelstop=\fontdimen 23\mfp@dummy 
\@tlabelsbot=\fontdimen 24\mfp@dummy 
\@tlabelsleft=\fontdimen 25\mfp@dummy 
\@graphright=\fontdimen 26\mfp@dummy 
\@graphleft=\fontdimen 27\mfp@dummy 
\@graphtop=\fontdimen 28\mfp@dummy 
\@graphbot=\fontdimen 29\mfp@dummy 
\tb@raise=\fontdimen 30\mfp@dummy 
\tb@moveright=\fontdimen 31\mfp@dummy 
\tb@totalht=\fontdimen 32\mfp@dummy 
\tlabel@hadj=\fontdimen 33\mfp@dummy 
\tlabel@vadj=\fontdimen 34\mfp@dummy 
\tlabel@sep=\fontdimen 35\mfp@dummy 
\tlpath@sep=\fontdimen 36\mfp@dummy 
\mfpicunit=\fontdimen 37\mfp@dummy 
\@mfpicunit=\fontdimen 38\mfp@dummy 
\pointsize=\fontdimen 39\mfp@dummy 
\shadespace=\fontdimen 40\mfp@dummy 
\polkadotspace=\fontdimen 41\mfp@dummy 
\hatchspace=\fontdimen 42\mfp@dummy 
\headlen=\fontdimen 43\mfp@dummy 
\axisheadlen=\fontdimen 44\mfp@dummy 
\sideheadlen=\fontdimen 45\mfp@dummy 
\hashlen=\fontdimen 46\mfp@dummy 
\dashlen=\fontdimen 47\mfp@dummy 
\dashspace=\fontdimen 48\mfp@dummy 
\dotsize=\fontdimen 49\mfp@dummy 
\griddotsize=\fontdimen 50\mfp@dummy 
\dotspace=\fontdimen 51\mfp@dummy 
\symbolspace=\fontdimen 52\mfp@dummy 
\mfp@scratch=\dimen134
\mfpframesep=\dimen135
\mfpframethickness=\dimen136
\mfpicheight=\dimen137
\mfpicwidth=\dimen138
\mfpiccaptionskip=\skip70
\tl@vpos=\count121
\tl@hpos=\count122
\mfp@commentchar=\count123
))
("C:\Program Files (x86)\MiKTeX 2.9\tex\latex\graphics\graphicx.sty"
Package: graphicx 1999/02/16 v1.0f Enhanced LaTeX Graphics (DPC,SPQR)

("C:\Program Files (x86)\MiKTeX 2.9\tex\latex\graphics\keyval.sty"
Package: keyval 1999/03/16 v1.13 key=value parser (DPC)
\KV@toks@=\toks31
)
\Gin@req@height=\dimen139
\Gin@req@width=\dimen140
)
("C:\Program Files (x86)\MiKTeX 2.9\tex\latex\base\makeidx.sty"
Package: makeidx 2000/03/29 v1.0m Standard LaTeX package
)
("C:\Program Files (x86)\MiKTeX 2.9\tex\latex\hyperref\hyperref.sty"
Package: hyperref 2012/11/06 v6.83m Hypertext links for LaTeX

("C:\Program Files (x86)\MiKTeX 2.9\tex\generic\oberdiek\hobsub-hyperref.sty"
Package: hobsub-hyperref 2012/04/25 v1.12 Bundle oberdiek, subset hyperref (HO)

("C:\Program Files (x86)\MiKTeX 2.9\tex\generic\oberdiek\hobsub-generic.sty"
Package: hobsub-generic 2012/04/25 v1.12 Bundle oberdiek, subset generic (HO)
Package: hobsub 2012/04/25 v1.12 Construct package bundles (HO)
Package hobsub Info: Skipping package `infwarerr' (already loaded).
Package hobsub Info: Skipping package `ltxcmds' (already loaded).
Package: ifluatex 2010/03/01 v1.3 Provides the ifluatex switch (HO)
Package ifluatex Info: LuaTeX not detected.
Package: ifvtex 2010/03/01 v1.5 Detect VTeX and its facilities (HO)
Package ifvtex Info: VTeX not detected.
Package: intcalc 2007/09/27 v1.1 Expandable calculations with integers (HO)
Package: ifpdf 2011/01/30 v2.3 Provides the ifpdf switch (HO)
Package ifpdf Info: pdfTeX in PDF mode is detected.
Package: etexcmds 2011/02/16 v1.5 Avoid name clashes with e-TeX commands (HO)
Package etexcmds Info: Could not find \expanded.
(etexcmds)             That can mean that you are not using pdfTeX 1.50 or
(etexcmds)             that some package has redefined \expanded.
(etexcmds)             In the latter case, load this package earlier.
Package: kvsetkeys 2012/04/25 v1.16 Key value parser (HO)
Package: kvdefinekeys 2011/04/07 v1.3 Define keys (HO)
Package: pdftexcmds 2011/11/29 v0.20 Utility functions of pdfTeX for LuaTeX (HO)
Package pdftexcmds Info: LuaTeX not detected.
Package pdftexcmds Info: \pdf@primitive is available.
Package pdftexcmds Info: \pdf@ifprimitive is available.
Package pdftexcmds Info: \pdfdraftmode found.
Package: pdfescape 2011/11/25 v1.13 Implements pdfTeX's escape features (HO)
Package: bigintcalc 2012/04/08 v1.3 Expandable calculations on big integers (HO)
Package: bitset 2011/01/30 v1.1 Handle bit-vector datatype (HO)
Package: uniquecounter 2011/01/30 v1.2 Provide unlimited unique counter (HO)
)
Package hobsub Info: Skipping package `hobsub' (already loaded).
Package: letltxmacro 2010/09/02 v1.4 Let assignment for LaTeX macros (HO)
Package: hopatch 2011/06/24 v1.1 Wrapper for package hooks (HO)
Package: xcolor-patch 2011/01/30 xcolor patch
Package: atveryend 2011/06/30 v1.8 Hooks at the very end of document (HO)
Package atveryend Info: \enddocument detected (standard20110627).
Package: atbegshi 2011/10/05 v1.16 At begin shipout hook (HO)
Package: refcount 2011/10/16 v3.4 Data extraction from label references (HO)
Package: hycolor 2011/01/30 v1.7 Color options for hyperref/bookmark (HO)
)
("C:\Program Files (x86)\MiKTeX 2.9\tex\generic\ifxetex\ifxetex.sty"
Package: ifxetex 2010/09/12 v0.6 Provides ifxetex conditional
)
("C:\Program Files (x86)\MiKTeX 2.9\tex\latex\oberdiek\auxhook.sty"
Package: auxhook 2011/03/04 v1.3 Hooks for auxiliary files (HO)
)
("C:\Program Files (x86)\MiKTeX 2.9\tex\latex\oberdiek\kvoptions.sty"
Package: kvoptions 2011/06/30 v3.11 Key value format for package options (HO)
)
\@linkdim=\dimen141
\Hy@linkcounter=\count124
\Hy@pagecounter=\count125

("C:\Program Files (x86)\MiKTeX 2.9\tex\latex\hyperref\pd1enc.def"
File: pd1enc.def 2012/11/06 v6.83m Hyperref: PDFDocEncoding definition (HO)
)
\Hy@SavedSpaceFactor=\count126

("C:\Program Files (x86)\MiKTeX 2.9\tex\latex\00miktex\hyperref.cfg"
File: hyperref.cfg 2002/06/06 v1.2 hyperref configuration of TeXLive
)
Package hyperref Info: Option `colorlinks' set `true' on input line 4319.
Package hyperref Info: Option `hyperindex' set `true' on input line 4319.
Package hyperref Info: Option `plainpages' set `false' on input line 4319.
Package hyperref Info: Option `pdfpagelabels' set `true' on input line 4319.
Package hyperref Info: Hyper figures OFF on input line 4443.
Package hyperref Info: Link nesting OFF on input line 4448.
Package hyperref Info: Hyper index ON on input line 4451.
Package hyperref Info: Plain pages OFF on input line 4458.
Package hyperref Info: Backreferencing OFF on input line 4463.
Package hyperref Info: Implicit mode ON; LaTeX internals redefined.
Package hyperref Info: Bookmarks ON on input line 4688.
\c@Hy@tempcnt=\count127

("C:\Program Files (x86)\MiKTeX 2.9\tex\latex\ltxmisc\url.sty"
\Urlmuskip=\muskip11
Package: url 2006/04/12  ver 3.3  Verb mode for urls, etc.
)
LaTeX Info: Redefining \url on input line 5041.
\XeTeXLinkMargin=\dimen142
\Fld@menulength=\count128
\Field@Width=\dimen143
\Fld@charsize=\dimen144
Package hyperref Info: Hyper figures OFF on input line 6295.
Package hyperref Info: Link nesting OFF on input line 6300.
Package hyperref Info: Hyper index ON on input line 6303.
Package hyperref Info: backreferencing OFF on input line 6310.
Package hyperref Info: Link coloring ON on input line 6313.
Package hyperref Info: Link coloring with OCG OFF on input line 6320.
Package hyperref Info: PDF/A mode OFF on input line 6325.
LaTeX Info: Redefining \ref on input line 6365.
LaTeX Info: Redefining \pageref on input line 6369.
\Hy@abspage=\count129
\c@Item=\count130
\c@Hfootnote=\count131
)

Package hyperref Message: Driver (autodetected): hpdftex.

("C:\Program Files (x86)\MiKTeX 2.9\tex\latex\hyperref\hpdftex.def"
File: hpdftex.def 2012/11/06 v6.83m Hyperref driver for pdfTeX
\Fld@listcount=\count132
\c@bookmark@seq@number=\count133

("C:\Program Files (x86)\MiKTeX 2.9\tex\latex\oberdiek\rerunfilecheck.sty"
Package: rerunfilecheck 2011/04/15 v1.7 Rerun checks for auxiliary files (HO)
Package uniquecounter Info: New unique counter `rerunfilecheck' on input line 282.
)
\Hy@SectionHShift=\skip71
)
("C:\Program Files (x86)\MiKTeX 2.9\tex\latex\oberdiek\hypcap.sty"
Package: hypcap 2011/02/16 v1.11 Adjusting the anchors of captions (HO)
)
("C:\Program Files (x86)\MiKTeX 2.9\tex\latex\cancel\cancel.sty"
Package: cancel 2000/03/12 v2.1 Cancel math terms
)
("C:\Program Files (x86)\MiKTeX 2.9\tex\latex\sectsty\sectsty.sty"
Package: sectsty 2002/02/25 v2.0.2 Commands to change all sectional heading styles
)
("C:\Program Files (x86)\MiKTeX 2.9\tex\latex\base\textcomp.sty"
Package: textcomp 2005/09/27 v1.99g Standard LaTeX package
Package textcomp Info: Sub-encoding information:
(textcomp)               5 = only ISO-Adobe without \textcurrency
(textcomp)               4 = 5 + \texteuro
(textcomp)               3 = 4 + \textohm
(textcomp)               2 = 3 + \textestimated + \textcurrency
(textcomp)               1 = TS1 - \textcircled - \t
(textcomp)               0 = TS1 (full)
(textcomp)             Font families with sub-encoding setting implement
(textcomp)             only a restricted character set as indicated.
(textcomp)             Family '?' is the default used for unknown fonts.
(textcomp)             See the documentation for details.
Package textcomp Info: Setting ? sub-encoding to TS1/1 on input line 71.

("C:\Program Files (x86)\MiKTeX 2.9\tex\latex\base\ts1enc.def"
File: ts1enc.def 2001/06/05 v3.0e (jk/car/fm) Standard LaTeX file
)
LaTeX Info: Redefining \oldstylenums on input line 266.
Package textcomp Info: Setting cmr sub-encoding to TS1/0 on input line 281.
Package textcomp Info: Setting cmss sub-encoding to TS1/0 on input line 282.
Package textcomp Info: Setting cmtt sub-encoding to TS1/0 on input line 283.
Package textcomp Info: Setting cmvtt sub-encoding to TS1/0 on input line 284.
Package textcomp Info: Setting cmbr sub-encoding to TS1/0 on input line 285.
Package textcomp Info: Setting cmtl sub-encoding to TS1/0 on input line 286.
Package textcomp Info: Setting ccr sub-encoding to TS1/0 on input line 287.
Package textcomp Info: Setting ptm sub-encoding to TS1/4 on input line 288.
Package textcomp Info: Setting pcr sub-encoding to TS1/4 on input line 289.
Package textcomp Info: Setting phv sub-encoding to TS1/4 on input line 290.
Package textcomp Info: Setting ppl sub-encoding to TS1/3 on input line 291.
Package textcomp Info: Setting pag sub-encoding to TS1/4 on input line 292.
Package textcomp Info: Setting pbk sub-encoding to TS1/4 on input line 293.
Package textcomp Info: Setting pnc sub-encoding to TS1/4 on input line 294.
Package textcomp Info: Setting pzc sub-encoding to TS1/4 on input line 295.
Package textcomp Info: Setting bch sub-encoding to TS1/4 on input line 296.
Package textcomp Info: Setting put sub-encoding to TS1/5 on input line 297.
Package textcomp Info: Setting uag sub-encoding to TS1/5 on input line 298.
Package textcomp Info: Setting ugq sub-encoding to TS1/5 on input line 299.
Package textcomp Info: Setting ul8 sub-encoding to TS1/4 on input line 300.
Package textcomp Info: Setting ul9 sub-encoding to TS1/4 on input line 301.
Package textcomp Info: Setting augie sub-encoding to TS1/5 on input line 302.
Package textcomp Info: Setting dayrom sub-encoding to TS1/3 on input line 303.
Package textcomp Info: Setting dayroms sub-encoding to TS1/3 on input line 304.
Package textcomp Info: Setting pxr sub-encoding to TS1/0 on input line 305.
Package textcomp Info: Setting pxss sub-encoding to TS1/0 on input line 306.
Package textcomp Info: Setting pxtt sub-encoding to TS1/0 on input line 307.
Package textcomp Info: Setting txr sub-encoding to TS1/0 on input line 308.
Package textcomp Info: Setting txss sub-encoding to TS1/0 on input line 309.
Package textcomp Info: Setting txtt sub-encoding to TS1/0 on input line 310.
Package textcomp Info: Setting lmr sub-encoding to TS1/0 on input line 311.
Package textcomp Info: Setting lmdh sub-encoding to TS1/0 on input line 312.
Package textcomp Info: Setting lmss sub-encoding to TS1/0 on input line 313.
Package textcomp Info: Setting lmssq sub-encoding to TS1/0 on input line 314.
Package textcomp Info: Setting lmvtt sub-encoding to TS1/0 on input line 315.
Package textcomp Info: Setting qhv sub-encoding to TS1/0 on input line 316.
Package textcomp Info: Setting qag sub-encoding to TS1/0 on input line 317.
Package textcomp Info: Setting qbk sub-encoding to TS1/0 on input line 318.
Package textcomp Info: Setting qcr sub-encoding to TS1/0 on input line 319.
Package textcomp Info: Setting qcs sub-encoding to TS1/0 on input line 320.
Package textcomp Info: Setting qpl sub-encoding to TS1/0 on input line 321.
Package textcomp Info: Setting qtm sub-encoding to TS1/0 on input line 322.
Package textcomp Info: Setting qzc sub-encoding to TS1/0 on input line 323.
Package textcomp Info: Setting qhvc sub-encoding to TS1/0 on input line 324.
Package textcomp Info: Setting futs sub-encoding to TS1/4 on input line 325.
Package textcomp Info: Setting futx sub-encoding to TS1/4 on input line 326.
Package textcomp Info: Setting futj sub-encoding to TS1/4 on input line 327.
Package textcomp Info: Setting hlh sub-encoding to TS1/3 on input line 328.
Package textcomp Info: Setting hls sub-encoding to TS1/3 on input line 329.
Package textcomp Info: Setting hlst sub-encoding to TS1/3 on input line 330.
Package textcomp Info: Setting hlct sub-encoding to TS1/5 on input line 331.
Package textcomp Info: Setting hlx sub-encoding to TS1/5 on input line 332.
Package textcomp Info: Setting hlce sub-encoding to TS1/5 on input line 333.
Package textcomp Info: Setting hlcn sub-encoding to TS1/5 on input line 334.
Package textcomp Info: Setting hlcw sub-encoding to TS1/5 on input line 335.
Package textcomp Info: Setting hlcf sub-encoding to TS1/5 on input line 336.
Package textcomp Info: Setting pplx sub-encoding to TS1/3 on input line 337.
Package textcomp Info: Setting pplj sub-encoding to TS1/3 on input line 338.
Package textcomp Info: Setting ptmx sub-encoding to TS1/4 on input line 339.
Package textcomp Info: Setting ptmj sub-encoding to TS1/4 on input line 340.
)
\c@defn=\count134
\c@thm=\count135
\c@eqn=\count136
\c@ex=\count137
\c@HW=\count138
\c@HWindent=\count139
 (C:\localtexmf\tex\latex\sfmath.sty
Package: sfmath 2007/08/27 v0.8 sans serif maths
LaTeX Font Info:    Overwriting symbol font `operators' in version `normal'
(Font)                  OT1/cmr/m/n --> OT1/phv/m/n on input line 329.
LaTeX Font Info:    Overwriting symbol font `operators' in version `bold'
(Font)                  OT1/cmr/bx/n --> OT1/phv/bx/n on input line 330.
\symSFMath=\mathgroup6
LaTeX Font Info:    Overwriting symbol font `SFMath' in version `normal'
(Font)                  OT1/phv/m/sl --> OT1/phv/m/sl on input line 343.
LaTeX Font Info:    Overwriting symbol font `SFMath' in version `bold'
(Font)                  OT1/phv/m/sl --> OT1/phv/bx/sl on input line 344.
LaTeX Font Info:    Redeclaring math symbol \imath on input line 398.
LaTeX Font Info:    Redeclaring math symbol \jmath on input line 399.
\symSFMathUp=\mathgroup7
LaTeX Font Info:    Overwriting symbol font `SFMathUp' in version `normal'
(Font)                  OT1/phv/m/n --> OT1/phv/m/n on input line 406.
LaTeX Font Info:    Overwriting symbol font `SFMathUp' in version `bold'
(Font)                  OT1/phv/m/n --> OT1/phv/bx/n on input line 407.
LaTeX Font Info:    Redeclaring math symbol \ldotp on input line 410.
\symSFMathGreek=\mathgroup8
LaTeX Font Info:    Overwriting symbol font `SFMathGreek' in version `normal'
(Font)                  OT1/cmss/m/n --> OT1/cmss/m/n on input line 419.
LaTeX Font Info:    Overwriting symbol font `SFMathGreek' in version `bold'
(Font)                  OT1/cmss/m/n --> OT1/cmss/bx/n on input line 420.
LaTeX Font Info:    Redeclaring math symbol \Gamma on input line 422.
LaTeX Font Info:    Redeclaring math symbol \Delta on input line 423.
LaTeX Font Info:    Redeclaring math symbol \Theta on input line 424.
LaTeX Font Info:    Redeclaring math symbol \Lambda on input line 425.
LaTeX Font Info:    Redeclaring math symbol \Xi on input line 426.
LaTeX Font Info:    Redeclaring math symbol \Pi on input line 427.
LaTeX Font Info:    Redeclaring math symbol \Sigma on input line 428.
LaTeX Font Info:    Redeclaring math symbol \Upsilon on input line 429.
LaTeX Font Info:    Redeclaring math symbol \Phi on input line 430.
LaTeX Font Info:    Redeclaring math symbol \Psi on input line 431.
LaTeX Font Info:    Redeclaring math symbol \Omega on input line 432.
\symSFMathUpGreek=\mathgroup9
LaTeX Font Info:    Overwriting symbol font `SFMathUpGreek' in version `normal'
(Font)                  OT1/cmss/m/n --> OT1/cmss/m/n on input line 436.
LaTeX Font Info:    Overwriting symbol font `SFMathUpGreek' in version `bold'
(Font)                  OT1/cmss/m/n --> OT1/cmss/bx/n on input line 437.
LaTeX Font Info:    Overwriting math alphabet `\mathnormal' in version `normal'
(Font)                  OML/cmm/m/it --> OT1/phv/m/sl on input line 446.
LaTeX Font Info:    Overwriting math alphabet `\mathnormal' in version `bold'
(Font)                  OML/cmm/b/it --> OT1/phv/bx/sl on input line 447.
LaTeX Font Info:    Overwriting math alphabet `\mathrm' in version `normal'
(Font)                  OT1/phv/m/n --> OT1/phv/m/n on input line 449.
LaTeX Font Info:    Overwriting math alphabet `\mathrm' in version `bold'
(Font)                  OT1/phv/bx/n --> OT1/phv/bx/n on input line 450.
LaTeX Font Info:    Overwriting math alphabet `\mathbf' in version `normal'
(Font)                  OT1/cmr/bx/n --> OT1/phv/bx/n on input line 452.
LaTeX Font Info:    Overwriting math alphabet `\mathbf' in version `bold'
(Font)                  OT1/cmr/bx/n --> OT1/phv/bx/n on input line 453.
LaTeX Font Info:    Overwriting math alphabet `\mathit' in version `normal'
(Font)                  OT1/cmr/m/it --> OT1/phv/m/sl on input line 455.
LaTeX Font Info:    Overwriting math alphabet `\mathit' in version `bold'
(Font)                  OT1/cmr/bx/it --> OT1/phv/bx/sl on input line 456.
LaTeX Font Info:    Overwriting math alphabet `\mathsf' in version `normal'
(Font)                  OT1/cmss/m/n --> OT1/phv/m/n on input line 458.
LaTeX Font Info:    Overwriting math alphabet `\mathsf' in version `bold'
(Font)                  OT1/cmss/bx/n --> OT1/phv/bx/n on input line 459.
LaTeX Font Info:    Overwriting math alphabet `\mathsl' in version `bold'
(Font)                  OT1/phv/m/sl --> OT1/phv/bx/sl on input line 466.
)
("C:\Program Files (x86)\MiKTeX 2.9\tex\latex\psnfss\helvet.sty"
Package: helvet 2005/04/12 PSNFSS-v9.2a (WaS) 
)
LaTeX Font Info:    Redeclaring symbol font `AMSb' on input line 39.
LaTeX Font Info:    Overwriting symbol font `AMSb' in version `normal'
(Font)                  U/msb/m/n --> U/msb/m/n on input line 39.
LaTeX Font Info:    Overwriting symbol font `AMSb' in version `bold'
(Font)                  U/msb/m/n --> U/msb/m/n on input line 39.

No file Compiler0.aux.
LaTeX Font Info:    Checking defaults for OML/cmm/m/it on input line 46.
LaTeX Font Info:    ... okay on input line 46.
LaTeX Font Info:    Checking defaults for T1/cmr/m/n on input line 46.
LaTeX Font Info:    ... okay on input line 46.
LaTeX Font Info:    Checking defaults for OT1/cmr/m/n on input line 46.
LaTeX Font Info:    ... okay on input line 46.
LaTeX Font Info:    Checking defaults for OMS/cmsy/m/n on input line 46.
LaTeX Font Info:    ... okay on input line 46.
LaTeX Font Info:    Checking defaults for OMX/cmex/m/n on input line 46.
LaTeX Font Info:    ... okay on input line 46.
LaTeX Font Info:    Checking defaults for U/cmr/m/n on input line 46.
LaTeX Font Info:    ... okay on input line 46.
LaTeX Font Info:    Checking defaults for PD1/pdf/m/n on input line 46.
LaTeX Font Info:    ... okay on input line 46.
LaTeX Font Info:    Checking defaults for TS1/cmr/m/n on input line 46.
LaTeX Font Info:    Try loading font information for TS1+cmr on input line 46.
("C:\Program Files (x86)\MiKTeX 2.9\tex\latex\base\ts1cmr.fd"
File: ts1cmr.fd 1999/05/25 v2.5h Standard LaTeX font definitions
)
LaTeX Font Info:    ... okay on input line 46.
LaTeX Font Info:    Try loading font information for OT1+phv on input line 46.

("C:\Program Files (x86)\MiKTeX 2.9\tex\latex\psnfss\ot1phv.fd"
File: ot1phv.fd 2001/06/04 scalable font definitions for OT1/phv.
)
("C:\Program Files (x86)\MiKTeX 2.9\tex\context\base\supp-pdf.mkii"
[Loading MPS to PDF converter (version 2006.09.02).]
\scratchcounter=\count140
\scratchdimen=\dimen145
\scratchbox=\box63
\nofMPsegments=\count141
\nofMParguments=\count142
\everyMPshowfont=\toks32
\MPscratchCnt=\count143
\MPscratchDim=\dimen146
\MPnumerator=\count144
\makeMPintoPDFobject=\count145
\everyMPtoPDFconversion=\toks33
)
\AtBeginShipoutBox=\box64
Package hyperref Info: Link coloring ON on input line 46.
 ("C:\Program Files (x86)\MiKTeX 2.9\tex\latex\hyperref\nameref.sty"
Package: nameref 2012/10/27 v2.43 Cross-referencing by name of section

("C:\Program Files (x86)\MiKTeX 2.9\tex\generic\oberdiek\gettitlestring.sty"
Package: gettitlestring 2010/12/03 v1.4 Cleanup title references (HO)
)
\c@section@level=\count146
)
LaTeX Info: Redefining \ref on input line 46.
LaTeX Info: Redefining \pageref on input line 46.
LaTeX Info: Redefining \nameref on input line 46.
\@outlinefile=\write4

Chapter 1.
LaTeX Font Info:    Font shape `OT1/phv/bx/n' in size <20.74> not available
(Font)              Font shape `OT1/phv/b/n' tried instead on input line 47.
LaTeX Font Info:    Font shape `OT1/phv/bx/n' in size <24.88> not available
(Font)              Font shape `OT1/phv/b/n' tried instead on input line 47.
[1


{C:/ProgramData/MiKTeX/2.9/pdftex/config/pdftex.map}]
("C:\Users\Carl\Desktop\Summer 2013 Book\Episode IV\Prerequisites\Prerequisites.tex"
LaTeX Font Info:    Font shape `OT1/phv/bx/n' in size <10.95> not available
(Font)              Font shape `OT1/phv/b/n' tried instead on input line 1.


LaTeX Warning: Reference `Prerequisites' on page 2 undefined on input line 1.


LaTeX Warning: Reference `SetTheory' on page 2 undefined on input line 5.


LaTeX Warning: Reference `RealNumberArithmetic' on page 2 undefined on input line 9.

LaTeX Font Info:    Try loading font information for U+msa on input line 9.
("C:\Program Files (x86)\MiKTeX 2.9\tex\latex\amsfonts\umsa.fd"
File: umsa.fd 2013/01/14 v3.01 AMS symbols A
)
LaTeX Font Info:    Try loading font information for U+msb on input line 9.

("C:\Program Files (x86)\MiKTeX 2.9\tex\latex\amsfonts\umsb.fd"
File: umsb.fd 2013/01/14 v3.01 AMS symbols B
)

LaTeX Warning: Reference `LinearEqIneq' on page 2 undefined on input line 13.


LaTeX Warning: Reference `LinesandCircles' on page 2 undefined on input line 13.


LaTeX Warning: Reference `AbsValEqIneq' on page 2 undefined on input line 17.


LaTeX Warning: Reference `AbsoluteValueFunctions' on page 2 undefined on input line 17.


LaTeX Warning: Reference `PolyArith' on page 2 undefined on input line 21.


LaTeX Warning: Reference `Polynomials' on page 2 undefined on input line 21.


LaTeX Warning: Reference `Factoring' on page 2 undefined on input line 25.


LaTeX Warning: Reference `QuadEqus' on page 2 undefined on input line 29.


LaTeX Warning: Reference `RatExpEqus' on page 2 undefined on input line 33.


LaTeX Warning: Reference `Rationals' on page 2 undefined on input line 33.


LaTeX Warning: Reference `RadEqus' on page 2 undefined on input line 37.


LaTeX Warning: Reference `CmpNums' on page 2 undefined on input line 41.

[2

]
LaTeX Font Info:    Font shape `OT1/phv/bx/n' in size <14.4> not available
(Font)              Font shape `OT1/phv/b/n' tried instead on input line 45.
 ("C:\Users\Carl\Desktop\Summer 2013 Book\Episode IV\Prerequisites\SetTheory.tex"

Mfpic: No file SetTheory.1.

Mfpic: Initializing SetTheory.mp.
Mfpic: Don't forget to process SetTheory.mp!
Mfpic: Apply metapost to SetTheory.mp.
Mfpic: Then reprocess this file "Compiler0".

LaTeX Font Info:    Font shape `OT1/phv/bx/n' in size <12> not available
(Font)              Font shape `OT1/phv/b/n' tried instead on input line 9.
LaTeX Font Info:    Font shape `OT1/phv/m/it' in size <10.95> not available
(Font)              Font shape `OT1/phv/m/sl' tried instead on input line 48.
LaTeX Font Info:    Try loading font information for TS1+phv on input line 74.
("C:\Program Files (x86)\MiKTeX 2.9\tex\latex\psnfss\ts1phv.fd"
File: ts1phv.fd 2001/06/04 scalable font definitions for TS1/phv.
) [3]

LaTeX Warning: Reference `intersectionunion' on page 4 undefined on input line 116.

[4]
Overfull \hbox (74.0131pt too wide) in paragraph at lines 171--253
 [] 
 []


Underfull \vbox (badness 10000) has occurred while \output is active []

 [5]
LaTeX Font Info:    Font shape `OT1/phv/m/it' in size <8> not available
(Font)              Font shape `OT1/phv/m/sl' tried instead on input line 300.
LaTeX Font Info:    Font shape `OT1/phv/m/it' in size <6> not available
(Font)              Font shape `OT1/phv/m/sl' tried instead on input line 300.
LaTeX Font Info:    Font shape `OT1/phv/bx/n' in size <9> not available
(Font)              Font shape `OT1/phv/b/n' tried instead on input line 300.


LaTeX Warning: Reference `Summation' on page 6 undefined on input line 300.


LaTeX Warning: Reference `Angles' on page 6 undefined on input line 300.


Underfull \vbox (badness 10000) has occurred while \output is active []

 [6]
LaTeX Font Info:    Font shape `OT1/phv/m/it' in size <9> not available
(Font)              Font shape `OT1/phv/m/sl' tried instead on input line 332.
 [7]

LaTeX Warning: Reference `Summation' on page 8 undefined on input line 344.

[8]

LaTeX Warning: Reference `Summation' on page 9 undefined on input line 394.

[9] [10]
Underfull \vbox (badness 10000) has occurred while \output is active []

 [11]
Overfull \vbox (10.27626pt too high) has occurred while \output is active []

 [12]

LaTeX Warning: Reference `setsofnumbersboxonthispage' on page 13 undefined on input line 756.

[13] [14]
Underfull \vbox (badness 10000) has occurred while \output is active []

 [15] [16]

LaTeX Warning: Reference `findunionintfirst' on page 17 undefined on input line 971.


LaTeX Warning: Reference `findunionintlast' on page 17 undefined on input line 971.


LaTeX Warning: Reference `writeintervalfirst' on page 17 undefined on input line 997.


LaTeX Warning: Reference `writeintervallast' on page 17 undefined on input line 997.


LaTeX Warning: Reference `shadevennfirst' on page 17 undefined on input line 1047.


LaTeX Warning: Reference `shadevennlast' on page 17 undefined on input line 1047.


LaTeX Warning: Reference `intoverunion' on page 17 undefined on input line 1097.


LaTeX Warning: Reference `shadevennlast' on page 17 undefined on input line 1097.

[17]
Underfull \vbox (badness 10000) has occurred while \output is active []

 [18]
Overfull \vbox (11.54016pt too high) has occurred while \output is active []

 [19]
Underfull \vbox (badness 5260) has occurred while \output is active []

 [20]) [21]
("C:\Users\Carl\Desktop\Summer 2013 Book\Episode IV\Prerequisites\RealNumberArithmetic.tex"

Mfpic: No file RealNumberArithmetic.1.

Mfpic: Initializing RealNumberArithmetic.mp.
Mfpic: Don't forget to process RealNumberArithmetic.mp!
Mfpic: Apply metapost to RealNumberArithmetic.mp.
Mfpic: Then reprocess this file "Compiler0".


LaTeX Warning: Reference `scientificnotation' on page 22 undefined on input line 41.

[22]

LaTeX Warning: Reference `Rationals' on page 23 undefined on input line 130.


LaTeX Warning: Reference `Polynomials' on page 23 undefined on input line 134.

[23]

LaTeX Warning: Reference `realnumberaddition' on page 24 undefined on input line 138.

[24] [25]
Overfull \hbox (4.35883pt too wide) in paragraph at lines 228--229
[]$[]$[] 
 []


Overfull \hbox (0.40497pt too wide) in paragraph at lines 229--230
[]$[]$ 
 []


LaTeX Warning: Reference `howtoaddonetwothree' on page 26 undefined on input line 261.

[26] [27] [28] [29]

LaTeX Warning: Reference `propertiesofzero' on page 30 undefined on input line 385.

[30] [31]

LaTeX Warning: Reference `fractionreview' on page 32 undefined on input line 468.


Overfull \hbox (0.3411pt too wide) detected at line 488
[]
 []

[32]

LaTeX Warning: Reference `fractionreview' on page 33 undefined on input line 498.

[33] [34]
LaTeX Font Info:    Font shape `OT1/phv/bx/n' in size <8> not available
(Font)              Font shape `OT1/phv/b/n' tried instead on input line 588.
LaTeX Font Info:    Font shape `OT1/phv/bx/n' in size <6> not available
(Font)              Font shape `OT1/phv/b/n' tried instead on input line 588.
LaTeX Font Info:    Font shape `OT1/phv/bx/sl' in size <10.95> not available
(Font)              Font shape `OT1/phv/b/sl' tried instead on input line 588.
LaTeX Font Info:    Font shape `OT1/phv/bx/sl' in size <8> not available
(Font)              Font shape `OT1/phv/b/sl' tried instead on input line 588.
LaTeX Font Info:    Font shape `OT1/phv/bx/sl' in size <6> not available
(Font)              Font shape `OT1/phv/b/sl' tried instead on input line 588.


LaTeX Warning: Reference `principalnthrootdefn' on page 35 undefined on input line 592.


LaTeX Warning: Reference `Polynomials' on page 35 undefined on input line 596.


LaTeX Warning: Reference `radicalprops' on page 35 undefined on input line 625.


LaTeX Warning: Reference `CmpNums' on page 35 undefined on input line 625.

[35]

LaTeX Warning: Reference `rationalexponentdefn' on page 36 undefined on input line 657.


LaTeX Warning: Reference `propertiesofintegerexponents' on page 36 undefined on input line 657.


LaTeX Warning: Reference `rationalexponentdefn' on page 36 undefined on input line 661.

[36] [37] [38] [39]

LaTeX Warning: Reference `arithexfirst' on page 40 undefined on input line 762.


LaTeX Warning: Reference `arithexlast' on page 40 undefined on input line 762.


Overfull \hbox (1.43376pt too wide) in paragraph at lines 797--798
[]$[]$ 
 []


Overfull \hbox (23.94453pt too wide) in paragraph at lines 852--853
[]$[]$ 
 []


Overfull \hbox (14.0771pt too wide) in paragraph at lines 864--865
[]$[]$ 
 []


LaTeX Warning: Reference `scientificnotationex' on page 40 undefined on input line 877.

[40]) [41] ("C:\Users\Carl\Desktop\Summer 2013 Book\Episode IV\Prerequisites\LinearEqIneq.tex"

Mfpic: No file LinearEqIneq.1.

Mfpic: Initializing LinearEqIneq.mp.
Mfpic: Don't forget to process LinearEqIneq.mp!
Mfpic: Apply metapost to LinearEqIneq.mp.
Mfpic: Then reprocess this file "Compiler0".


LaTeX Warning: Reference `lineareqndefn' on page 42 undefined on input line 59.

[42] [43] [44]

LaTeX Warning: Reference `lineareqndefn' on page 45 undefined on input line 215.


Underfull \vbox (badness 10000) has occurred while \output is active []

 [45]

LaTeX Warning: Reference `equivalenteqnineq' on page 46 undefined on input line 258.

[46] [47] [48] [49] [50]

LaTeX Warning: Reference `lineareqfirst' on page 51 undefined on input line 394.


LaTeX Warning: Reference `lineareqlast' on page 51 undefined on input line 394.


LaTeX Warning: Reference `literalexfirst' on page 51 undefined on input line 437.


LaTeX Warning: Reference `literalexlast' on page 51 undefined on input line 437.


LaTeX Warning: Reference `subex1' on page 51 undefined on input line 506.


LaTeX Warning: Reference `subex2' on page 51 undefined on input line 506.

[51]

LaTeX Warning: Reference `linineqnexfirst' on page 52 undefined on input line 546.


LaTeX Warning: Reference `linineqnexlast' on page 52 undefined on input line 546.

[52] [53]) [54] ("C:\Users\Carl\Desktop\Summer 2013 Book\Episode IV\Prerequisites\AbsValEqIneq.tex"

Mfpic: No file AbsValEqIneq.1.

Mfpic: Initializing AbsValEqIneq.mp.
Mfpic: Don't forget to process AbsValEqIneq.mp!
Mfpic: Apply metapost to AbsValEqIneq.mp.
Mfpic: Then reprocess this file "Compiler0".


LaTeX Warning: Reference `AbsoluteValueFunctions' on page 55 undefined on input line 9.


LaTeX Warning: Reference `setsofnumbersboxonthispage' on page 55 undefined on input line 81.


LaTeX Warning: Reference `absolutevalueprops' on page 55 undefined on input line 85.


LaTeX Warning: Reference `AbsoluteValueFunctions' on page 55 undefined on input line 85.

[55]

LaTeX Warning: Reference `absvalequality' on page 56 undefined on input line 142.


LaTeX Warning: Reference `absvalequality' on page 56 undefined on input line 165.


LaTeX Warning: Reference `LinearEqIneq' on page 56 undefined on input line 169.

[56] [57]

LaTeX Warning: Reference `absolutevalueineq' on page 58 undefined on input line 311.


LaTeX Warning: Reference `absvalequality' on page 58 undefined on input line 311.


LaTeX Warning: Reference `absolutevalueineq' on page 58 undefined on input line 334.

[58]

LaTeX Warning: Reference `absolutevalueineq' on page 59 undefined on input line 383.


LaTeX Warning: Reference `absolutevalueineq' on page 59 undefined on input line 393.


LaTeX Warning: Reference `absvalequality' on page 59 undefined on input line 393.


LaTeX Warning: Reference `absolutevalueineq' on page 59 undefined on input line 395.

[59]

LaTeX Warning: Reference `absvalequality' on page 60 undefined on input line 409.


LaTeX Warning: Reference `absolutevalueineq' on page 60 undefined on input line 409.


LaTeX Warning: Reference `absvalequality' on page 60 undefined on input line 414.


LaTeX Warning: Reference `absolutevalueineq' on page 60 undefined on input line 414.


LaTeX Warning: Reference `absolutevalueprops' on page 60 undefined on input line 422.

[60] [61]

LaTeX Warning: Reference `solveabsvalequfirst' on page 62 undefined on input line 442.


LaTeX Warning: Reference `solveabsvalequlast' on page 62 undefined on input line 442.


LaTeX Warning: Reference `solveinequabsquadfirst' on page 62 undefined on input line 521.


LaTeX Warning: Reference `solveinequabsquadlast' on page 62 undefined on input line 521.

[62]) [63] ("C:\Users\Carl\Desktop\Summer 2013 Book\Episode IV\Prerequisites\PolyArith.tex"

Mfpic: No file PolyArith.1.

Mfpic: Initializing PolyArith.mp.
Mfpic: Don't forget to process PolyArith.mp!
Mfpic: Apply metapost to PolyArith.mp.
Mfpic: Then reprocess this file "Compiler0".

[64]

LaTeX Warning: Reference `generaldistprop' on page 65 undefined on input line 89.


LaTeX Warning: Reference `generaldistprop' on page 65 undefined on input line 93.


LaTeX Warning: Reference `generaldistprop' on page 65 undefined on input line 121.


LaTeX Warning: Reference `Induction' on page 65 undefined on input line 121.


LaTeX Warning: Reference `propertiesofintegerexponents' on page 65 undefined on input line 121.


LaTeX Warning: Reference `RealNumberArithmetic' on page 65 undefined on input line 121.

[65]

LaTeX Warning: Reference `propertiesofnegatives' on page 66 undefined on input line 187.


LaTeX Warning: Reference `RealNumberArithmetic' on page 66 undefined on input line 187.


LaTeX Warning: Reference `propertiesofintegerexponents' on page 66 undefined on input line 220.

[66]
Overfull \hbox (2.52133pt too wide) detected at line 227
[]
 []


Overfull \hbox (5.28452pt too wide) detected at line 238
[]
 []


LaTeX Warning: Reference `SpecialProducts' on page 67 undefined on input line 268.

[67] [68]

LaTeX Warning: Reference `polydiv' on page 69 undefined on input line 335.

[69] [70] [71]

LaTeX Warning: Reference `polyarithexfirst' on page 72 undefined on input line 500.


LaTeX Warning: Reference `polyarithexlast' on page 72 undefined on input line 500.


LaTeX Warning: Reference `polydivexfirst' on page 72 undefined on input line 563.


LaTeX Warning: Reference `polydivexlast' on page 72 undefined on input line 563.


LaTeX Warning: Reference `specialformexfirst' on page 72 undefined on input line 638.


LaTeX Warning: Reference `specialformexlast' on page 72 undefined on input line 638.

[72]) [73] ("C:\Users\Carl\Desktop\Summer 2013 Book\Episode IV\Prerequisites\Factoring.tex"

Mfpic: No file Factoring.1.

Mfpic: Initializing Factoring.mp.
Mfpic: Don't forget to process Factoring.mp!
Mfpic: Apply metapost to Factoring.mp.
Mfpic: Then reprocess this file "Compiler0".


LaTeX Warning: Reference `RealNumberArithmetic' on page 74 undefined on input line 13.


LaTeX Warning: Reference `Polydivision' on page 74 undefined on input line 13.


LaTeX Warning: Reference `irreduciblepoly' on page 74 undefined on input line 27.


LaTeX Warning: Reference `RealZeros' on page 74 undefined on input line 27.

[74] [75] [76]
Overfull \hbox (27.51059pt too wide) detected at line 171
[]
 []


LaTeX Warning: Reference `CommonFactoringFormulas' on page 77 undefined on input line 187.

[77]

LaTeX Warning: Reference `CommonFactoringFormulas' on page 78 undefined on input line 192.


LaTeX Warning: Reference `Polynomials' on page 78 undefined on input line 218.

[78] [79]

LaTeX Warning: Reference `FormulaFactoring' on page 80 undefined on input line 278.


Overfull \hbox (6.524pt too wide) detected at line 286
[]
 []


LaTeX Warning: Reference `propertiesofzero' on page 80 undefined on input line 297.

[80]

LaTeX Warning: Reference `advfactoring' on page 81 undefined on input line 309.

[81]

LaTeX Warning: Reference `lineareqnreview' on page 82 undefined on input line 439.

[82] [83] [84]

LaTeX Warning: Reference `factoringexfirst' on page 85 undefined on input line 486.


LaTeX Warning: Reference `factoringexlast' on page 85 undefined on input line 486.


LaTeX Warning: Reference `solvebyfactorfirst' on page 85 undefined on input line 617.


LaTeX Warning: Reference `solvebyfactorlast' on page 85 undefined on input line 617.

[85]) [86] ("C:\Users\Carl\Desktop\Summer 2013 Book\Episode IV\Prerequisites\QuadEqus.tex"

Mfpic: No file QuadEqus.1.

Mfpic: Initializing QuadEqus.mp.
Mfpic: Don't forget to process QuadEqus.mp!
Mfpic: Apply metapost to QuadEqus.mp.
Mfpic: Then reprocess this file "Compiler0".


LaTeX Warning: Reference `solveeqnsbyfactoring' on page 87 undefined on input line 9.


LaTeX Warning: Reference `Polynomials' on page 87 undefined on input line 9.


LaTeX Warning: Reference `irreduciblepoly' on page 87 undefined on input line 43.


LaTeX Warning: Reference `absvalequality' on page 87 undefined on input line 47.

[87]

LaTeX Warning: Reference `QuadraticFunctions' on page 88 undefined on input line 61.

[88]

LaTeX Warning: Reference `SpecialProducts' on page 89 undefined on input line 125.

[89] [90] [91] [92] [93]

LaTeX Warning: Reference `CommonFactoringFormulas' on page 94 undefined on input line 355.

[94]

LaTeX Warning: Reference `RadEqus' on page 95 undefined on input line 385.

[95]

LaTeX Warning: Reference `rationalexpressionreviewex' on page 96 undefined on input line 457.

[96] [97]

LaTeX Warning: Reference `solvequadfirst' on page 98 undefined on input line 463.


LaTeX Warning: Reference `solvequadlast' on page 98 undefined on input line 463.


LaTeX Warning: Reference `solvequadcalcfirst' on page 98 undefined on input line 550.


LaTeX Warning: Reference `solvequadcalclast' on page 98 undefined on input line 550.


LaTeX Warning: Reference `absquadfirst' on page 98 undefined on input line 588.


LaTeX Warning: Reference `absquadlast' on page 98 undefined on input line 588.


LaTeX Warning: Reference `absvalequality' on page 98 undefined on input line 588.

[98]) [99] ("C:\Users\Carl\Desktop\Summer 2013 Book\Episode IV\Prerequisites\RatExpEqus.tex"

Mfpic: No file RatExpEqus.1.

Mfpic: Initializing RatExpEqus.mp.
Mfpic: Don't forget to process RatExpEqus.mp!
Mfpic: Apply metapost to RatExpEqus.mp.
Mfpic: Then reprocess this file "Compiler0".


LaTeX Warning: Reference `fractionarithmetic' on page 100 undefined on input line 9.

[100] [101]

LaTeX Warning: Reference `propertiesofnegatives' on page 102 undefined on input line 95.


Underfull \vbox (badness 2707) has occurred while \output is active []

 [102]
Overfull \hbox (0.91249pt too wide) detected at line 123
[]
 []


LaTeX Warning: Reference `discriminanttheoremrealversion' on page 103 undefined on input line 123.


LaTeX Warning: Reference `fractionreview' on page 103 undefined on input line 125.


Underfull \vbox (badness 7576) has occurred while \output is active []

 [103] [104]

LaTeX Warning: Reference `PolynomialGCF' on page 105 undefined on input line 168.

[105]
Overfull \hbox (4.11676pt too wide) detected at line 191
[]
 []


Overfull \hbox (3.38991pt too wide) detected at line 199
[]
 []

[106]

LaTeX Warning: Reference `equivalenteqnineq' on page 107 undefined on input line 260.


LaTeX Warning: Reference `RadEqus' on page 107 undefined on input line 281.


Underfull \vbox (badness 1852) has occurred while \output is active []

 [107]

LaTeX Warning: Reference `solveeqnbyfactoring' on page 108 undefined on input line 307.

[108]

LaTeX Warning: Reference `rationalexpressionreviewex' on page 109 undefined on input line 360.

[109] [110] [111]

LaTeX Warning: Reference `ratsimpfirst' on page 112 undefined on input line 431.


LaTeX Warning: Reference `ratsimplast' on page 112 undefined on input line 431.


Overfull \hbox (2.54669pt too wide) in paragraph at lines 501--502
[]$[]$
 []


LaTeX Warning: Reference `rateqnfirst' on page 112 undefined on input line 510.


LaTeX Warning: Reference `rateqnlast' on page 112 undefined on input line 510.


LaTeX Warning: Reference `absratfirst' on page 112 undefined on input line 552.


LaTeX Warning: Reference `absratlast' on page 112 undefined on input line 552.


LaTeX Warning: Reference `absvalequality' on page 112 undefined on input line 552.


LaTeX Warning: Reference `solveratcalcfirst' on page 112 undefined on input line 567.


LaTeX Warning: Reference `solveratcalclast' on page 112 undefined on input line 567.

[112]

LaTeX Warning: Reference `litrateqnfirst' on page 113 undefined on input line 586.


LaTeX Warning: Reference `litrateqnlast' on page 113 undefined on input line 586.

[113]) [114] ("C:\Users\Carl\Desktop\Summer 2013 Book\Episode IV\Prerequisites\RadEqus.tex"

Mfpic: No file RadEqus.1.

Mfpic: Initializing RadEqus.mp.
Mfpic: Don't forget to process RadEqus.mp!
Mfpic: Apply metapost to RadEqus.mp.
Mfpic: Then reprocess this file "Compiler0".


LaTeX Warning: Reference `radicalprops' on page 115 undefined on input line 9.


LaTeX Warning: Reference `RealNumberArithmetic' on page 115 undefined on input line 9.


LaTeX Warning: Reference `AlgebraicFunctions' on page 115 undefined on input line 9.


LaTeX Warning: Reference `principalnthrootdefn' on page 115 undefined on input line 31.


LaTeX Warning: Reference `principalnthrootdefn' on page 115 undefined on input line 35.


LaTeX Warning: Reference `rationalexponentdefn' on page 115 undefined on input line 39.


LaTeX Warning: Reference `extractingthesquareroot' on page 115 undefined on input line 39.


LaTeX Warning: Reference `donotdistributeexponents' on page 115 undefined on input line 79.

[115]
Overfull \hbox (3.60321pt too wide) detected at line 121
[]
 []

[116]

LaTeX Warning: Reference `simplifyradicals' on page 117 undefined on input line 154.


LaTeX Warning: Reference `PolarComplex' on page 117 undefined on input line 154.

[117]

LaTeX Warning: Reference `simplifyradicals' on page 118 undefined on input line 179.

[118] [119] [120]
Overfull \hbox (2.927pt too wide) detected at line 359
[]
 []

[121]

LaTeX Warning: Reference `rateqnreviewex' on page 122 undefined on input line 415.

[122]

LaTeX Warning: Reference `QuadEqus' on page 123 undefined on input line 465.


LaTeX Warning: Reference `CmpNums' on page 123 undefined on input line 465.

[123] [124] [125] [126] [127]

LaTeX Warning: Reference `simpradfirst' on page 128 undefined on input line 577.


LaTeX Warning: Reference `simpradlast' on page 128 undefined on input line 577.


LaTeX Warning: Reference `algineqexfirst' on page 128 undefined on input line 647.


LaTeX Warning: Reference `algineqexlast' on page 128 undefined on input line 647.


LaTeX Warning: Reference `radliteqnfirst' on page 128 undefined on input line 701.


LaTeX Warning: Reference `radliteqnlast' on page 128 undefined on input line 701.


LaTeX Warning: Reference `rationalizefirst' on page 128 undefined on input line 730.


LaTeX Warning: Reference `rationalizelast' on page 128 undefined on input line 730.

[128]
Overfull \hbox (25.61485pt too wide) in paragraph at lines 946--947
[]$[]$ 
 []

) [129] ("C:\Users\Carl\Desktop\Summer 2013 Book\Episode IV\Prerequisites\CmpNums.tex"

Mfpic: No file CmpNums.1.

Mfpic: Initializing CmpNums.mp.
Mfpic: Don't forget to process CmpNums.mp!
Mfpic: Apply metapost to CmpNums.mp.
Mfpic: Then reprocess this file "Compiler0".


LaTeX Warning: Reference `idefn' on page 130 undefined on input line 29.


LaTeX Warning: Reference `idefn' on page 130 undefined on input line 29.


LaTeX Warning: Reference `SetsofRealNumbers' on page 130 undefined on input line 40.


LaTeX Warning: Reference `idefn' on page 130 undefined on input line 40.

[130]

LaTeX Warning: Reference `idefn' on page 131 undefined on input line 98.


Overfull \hbox (4.42012pt too wide) detected at line 106
[]
 []

[131]

LaTeX Warning: Reference `ComplexZeros' on page 132 undefined on input line 106.


LaTeX Warning: Reference `RadEqus' on page 132 undefined on input line 112.


LaTeX Warning: Reference `conjugateprops' on page 132 undefined on input line 139.


LaTeX Warning: Reference `Induction' on page 132 undefined on input line 143.

[132]

LaTeX Warning: Reference `discriminanttheoremrealversion' on page 133 undefined on input line 147.


LaTeX Warning: Reference `QuadEqus' on page 133 undefined on input line 170.

[133]

LaTeX Warning: Reference `complexsolnsreviewex' on page 134 undefined on input line 217.


LaTeX Warning: Reference `discriminanttheoremrealversion' on page 134 undefined on input line 217.

[134]

LaTeX Warning: Reference `ComplexZeros' on page 135 undefined on input line 239.


LaTeX Warning: Reference `discriminanttheoremcomplexversion' on page 135 undefined on input line 239.

[135]

LaTeX Warning: Reference `compnumbasicfirst' on page 136 undefined on input line 245.


LaTeX Warning: Reference `compnumbasiclast' on page 136 undefined on input line 245.


LaTeX Warning: Reference `rootsofnegfirst' on page 136 undefined on input line 338.


LaTeX Warning: Reference `rootsofneglast' on page 136 undefined on input line 338.


LaTeX Warning: Reference `powerofifirst' on page 136 undefined on input line 366.


LaTeX Warning: Reference `powerofilast' on page 136 undefined on input line 366.


LaTeX Warning: Reference `solvecomplexfirst' on page 136 undefined on input line 394.


LaTeX Warning: Reference `solvecomplexlast' on page 136 undefined on input line 394.

[136] [137] [138]) [139])
Package atveryend Info: Empty hook `BeforeClearDocument' on input line 51.
Package atveryend Info: Empty hook `AfterLastShipout' on input line 51.
 ("C:\Users\Carl\Desktop\Summer 2013 Book\Episode IV\Prerequisites\Compiler0.aux"
("C:\Users\Carl\Desktop\Summer 2013 Book\Episode IV\Prerequisites\Prerequisites.aux"))
Package atveryend Info: Executing hook `AtVeryEndDocument' on input line 51.
Package atveryend Info: Executing hook `AtEndAfterFileList' on input line 51.


Package rerunfilecheck Warning: File `Compiler0.out' has changed.
(rerunfilecheck)                Rerun to get outlines right
(rerunfilecheck)                or use package `bookmark'.

Package rerunfilecheck Info: Checksums for `Compiler0.out':
(rerunfilecheck)             Before: <no file>
(rerunfilecheck)             After:  E98CE88F5432F7EBF26E0D946E22F9B5;2873.

LaTeX Warning: There were undefined references.


LaTeX Warning: Label(s) may have changed. Rerun to get cross-references right.

Package atveryend Info: Empty hook `AtVeryVeryEnd' on input line 51.
 ) 
Here is how much of TeX's memory you used:
 9877 strings out of 493944
 132116 string characters out of 3145929
 236458 words of memory out of 3000000
 11569 multiletter control sequences out of 15000+200000
 54122 words of font info for 109 fonts, out of 3000000 for 9000
 841 hyphenation exceptions out of 8191
 34i,22n,43p,1788b,619s stack positions out of 5000i,500n,10000p,200000b,50000s
{C:/Program Files (x86)/MiKTeX 2.9/fonts/enc/dvips/fontname/8r.enc}<C:/Program Files (x86)/MiKTeX 2.9/fonts/type1/publ
ic/amsfonts/cm/cmex10.pfb><C:/Program Files (x86)/MiKTeX 2.9/fonts/type1/public/amsfonts/cmextra/cmex9.pfb><C:/Program F
iles (x86)/MiKTeX 2.9/fonts/type1/public/amsfonts/cm/cmmi10.pfb><C:/Program Files (x86)/MiKTeX 2.9/fonts/type1/public/am
sfonts/cm/cmmi8.pfb><C:/Program Files (x86)/MiKTeX 2.9/fonts/type1/public/amsfonts/cm/cmmi9.pfb><C:/Program Files (x86)/
MiKTeX 2.9/fonts/type1/public/amsfonts/cm/cmsy10.pfb><C:/Program Files (x86)/MiKTeX 2.9/fonts/type1/public/amsfonts/cm/c
msy6.pfb><C:/Program Files (x86)/MiKTeX 2.9/fonts/type1/public/amsfonts/cm/cmsy8.pfb><C:/Program Files (x86)/MiKTeX 2.9/
fonts/type1/public/amsfonts/cm/cmsy9.pfb><C:/Program Files (x86)/MiKTeX 2.9/fonts/type1/public/amsfonts/cm/cmtt10.pfb><C
:/Program Files (x86)/MiKTeX 2.9/fonts/type1/public/amsfonts/latxfont/line10.pfb><C:/Program Files (x86)/MiKTeX 2.9/font
s/type1/public/amsfonts/symbols/msam10.pfb><C:/Program Files (x86)/MiKTeX 2.9/fonts/type1/public/amsfonts/symbols/msbm10
.pfb><C:/Program Files (x86)/MiKTeX 2.9/fonts/type1/urw/helvetic/uhvb8a.pfb><C:/Program Files (x86)/MiKTeX 2.9/fonts/typ
e1/urw/helvetic/uhvbo8a.pfb><C:/Program Files (x86)/MiKTeX 2.9/fonts/type1/urw/helvetic/uhvr8a.pfb><C:/Program Files (x8
6)/MiKTeX 2.9/fonts/type1/urw/helvetic/uhvro8a.pfb>
Output written on Compiler0.pdf (139 pages, 796550 bytes).
PDF statistics:
 2335 PDF objects out of 2487 (max. 8388607)
 1397 named destinations out of 1440 (max. 500000)
 1 words of extra memory for PDF output out of 10000 (max. 10000000)

