\BOOKMARK [0][-]{chapter.1}{Prerequisites}{}% 1
\BOOKMARK [1][-]{section.1.1}{Basic Set Theory and Interval Notation}{chapter.1}% 2
\BOOKMARK [2][-]{subsection.1.1.1}{Some Basic Set Theory Notions}{section.1.1}% 3
\BOOKMARK [2][-]{subsection.1.1.2}{Sets of Real Numbers}{section.1.1}% 4
\BOOKMARK [2][-]{subsection.1.1.3}{Exercises}{section.1.1}% 5
\BOOKMARK [2][-]{subsection.1.1.4}{Answers}{section.1.1}% 6
\BOOKMARK [1][-]{section.1.2}{Real Number Arithmetic}{chapter.1}% 7
\BOOKMARK [2][-]{subsection.1.2.1}{Exercises}{section.1.2}% 8
\BOOKMARK [2][-]{subsection.1.2.2}{Answers}{section.1.2}% 9
\BOOKMARK [1][-]{section.1.3}{Linear Equations and Inequalities}{chapter.1}% 10
\BOOKMARK [2][-]{subsection.1.3.1}{Linear Equations}{section.1.3}% 11
\BOOKMARK [2][-]{subsection.1.3.2}{Linear Inequalities}{section.1.3}% 12
\BOOKMARK [2][-]{subsection.1.3.3}{Exercises}{section.1.3}% 13
\BOOKMARK [2][-]{subsection.1.3.4}{Answers}{section.1.3}% 14
\BOOKMARK [1][-]{section.1.4}{Absolute Value Equations and Inequalities}{chapter.1}% 15
\BOOKMARK [2][-]{subsection.1.4.1}{Absolute Value Equations}{section.1.4}% 16
\BOOKMARK [2][-]{subsection.1.4.2}{Absolute Value Inequalities}{section.1.4}% 17
\BOOKMARK [2][-]{subsection.1.4.3}{Exercises}{section.1.4}% 18
\BOOKMARK [2][-]{subsection.1.4.4}{Answers}{section.1.4}% 19
\BOOKMARK [1][-]{section.1.5}{Polynomial Arithmetic}{chapter.1}% 20
\BOOKMARK [2][-]{subsection.1.5.1}{Polynomial Addition, Subtraction and Multiplication.}{section.1.5}% 21
\BOOKMARK [2][-]{subsection.1.5.2}{Polynomial Long Division.}{section.1.5}% 22
\BOOKMARK [2][-]{subsection.1.5.3}{Exercises}{section.1.5}% 23
\BOOKMARK [2][-]{subsection.1.5.4}{Answers}{section.1.5}% 24
\BOOKMARK [1][-]{section.1.6}{Factoring}{chapter.1}% 25
\BOOKMARK [2][-]{subsection.1.6.1}{Solving Equations by Factoring}{section.1.6}% 26
\BOOKMARK [2][-]{subsection.1.6.2}{Exercises}{section.1.6}% 27
\BOOKMARK [2][-]{subsection.1.6.3}{Answers}{section.1.6}% 28
\BOOKMARK [1][-]{section.1.7}{Quadratic Equations}{chapter.1}% 29
\BOOKMARK [2][-]{subsection.1.7.1}{Exercises}{section.1.7}% 30
\BOOKMARK [2][-]{subsection.1.7.2}{Answers}{section.1.7}% 31
\BOOKMARK [1][-]{section.1.8}{Rational Expressions and Equations}{chapter.1}% 32
\BOOKMARK [2][-]{subsection.1.8.1}{Exercises}{section.1.8}% 33
\BOOKMARK [2][-]{subsection.1.8.2}{Answers}{section.1.8}% 34
\BOOKMARK [1][-]{section.1.9}{Radicals and Equations}{chapter.1}% 35
\BOOKMARK [2][-]{subsection.1.9.1}{Rationalizing Denominators and Numerators}{section.1.9}% 36
\BOOKMARK [2][-]{subsection.1.9.2}{Exercises}{section.1.9}% 37
\BOOKMARK [2][-]{subsection.1.9.3}{Answers}{section.1.9}% 38
\BOOKMARK [1][-]{section.1.10}{Complex Numbers}{chapter.1}% 39
\BOOKMARK [2][-]{subsection.1.10.1}{Exercises}{section.1.10}% 40
\BOOKMARK [2][-]{subsection.1.10.2}{Answers}{section.1.10}% 41
