This is pdfTeX, Version 3.14159265-2.6-1.40.16 (TeX Live 2015) (preloaded format=pdflatex 2015.10.9)  11 MAY 2016 09:35
entering extended mode
 restricted \write18 enabled.
 %&-line parsing enabled.
**Compiler0.tex
(./Compiler0.tex
LaTeX2e <2015/10/01> patch level 1
Babel <3.9m> and hyphenation patterns for 79 languages loaded.
(/usr/local/texlive/2015/texmf-dist/tex/latex/base/book.cls
Document Class: book 2014/09/29 v1.4h Standard LaTeX document class
(/usr/local/texlive/2015/texmf-dist/tex/latex/base/bk11.clo
File: bk11.clo 2014/09/29 v1.4h Standard LaTeX file (size option)
)
\c@part=\count79
\c@chapter=\count80
\c@section=\count81
\c@subsection=\count82
\c@subsubsection=\count83
\c@paragraph=\count84
\c@subparagraph=\count85
\c@figure=\count86
\c@table=\count87
\abovecaptionskip=\skip41
\belowcaptionskip=\skip42
\bibindent=\dimen102
)
(/usr/local/texlive/2015/texmf-dist/tex/latex/amsfonts/amssymb.sty
Package: amssymb 2013/01/14 v3.01 AMS font symbols

(/usr/local/texlive/2015/texmf-dist/tex/latex/amsfonts/amsfonts.sty
Package: amsfonts 2013/01/14 v3.01 Basic AMSFonts support
\@emptytoks=\toks14
\symAMSa=\mathgroup4
\symAMSb=\mathgroup5
LaTeX Font Info:    Overwriting math alphabet `\mathfrak' in version `bold'
(Font)                  U/euf/m/n --> U/euf/b/n on input line 106.
))
(/usr/local/texlive/2015/texmf-dist/tex/latex/amsmath/amsmath.sty
Package: amsmath 2013/01/14 v2.14 AMS math features
\@mathmargin=\skip43

For additional information on amsmath, use the `?' option.
(/usr/local/texlive/2015/texmf-dist/tex/latex/amsmath/amstext.sty
Package: amstext 2000/06/29 v2.01

(/usr/local/texlive/2015/texmf-dist/tex/latex/amsmath/amsgen.sty
File: amsgen.sty 1999/11/30 v2.0
\@emptytoks=\toks15
\ex@=\dimen103
))
(/usr/local/texlive/2015/texmf-dist/tex/latex/amsmath/amsbsy.sty
Package: amsbsy 1999/11/29 v1.2d
\pmbraise@=\dimen104
)
(/usr/local/texlive/2015/texmf-dist/tex/latex/amsmath/amsopn.sty
Package: amsopn 1999/12/14 v2.01 operator names
)
\inf@bad=\count88
LaTeX Info: Redefining \frac on input line 210.
\uproot@=\count89
\leftroot@=\count90
LaTeX Info: Redefining \overline on input line 306.
\classnum@=\count91
\DOTSCASE@=\count92
LaTeX Info: Redefining \ldots on input line 378.
LaTeX Info: Redefining \dots on input line 381.
LaTeX Info: Redefining \cdots on input line 466.
\Mathstrutbox@=\box26
\strutbox@=\box27
\big@size=\dimen105
LaTeX Font Info:    Redeclaring font encoding OML on input line 566.
LaTeX Font Info:    Redeclaring font encoding OMS on input line 567.
\macc@depth=\count93
\c@MaxMatrixCols=\count94
\dotsspace@=\muskip10
\c@parentequation=\count95
\dspbrk@lvl=\count96
\tag@help=\toks16
\row@=\count97
\column@=\count98
\maxfields@=\count99
\andhelp@=\toks17
\eqnshift@=\dimen106
\alignsep@=\dimen107
\tagshift@=\dimen108
\tagwidth@=\dimen109
\totwidth@=\dimen110
\lineht@=\dimen111
\@envbody=\toks18
\multlinegap=\skip44
\multlinetaggap=\skip45
\mathdisplay@stack=\toks19
LaTeX Info: Redefining \[ on input line 2665.
LaTeX Info: Redefining \] on input line 2666.
)
(/usr/local/texlive/2015/texmf-dist/tex/latex/amscls/amsthm.sty
Package: amsthm 2015/03/04 v2.20.2
\thm@style=\toks20
\thm@bodyfont=\toks21
\thm@headfont=\toks22
\thm@notefont=\toks23
\thm@headpunct=\toks24
\thm@preskip=\skip46
\thm@postskip=\skip47
\thm@headsep=\skip48
\dth@everypar=\toks25
)
(/usr/local/texlive/2015/texmf-dist/tex/latex/fancyhdr/fancyhdr.sty
\fancy@headwidth=\skip49
\f@ncyO@elh=\skip50
\f@ncyO@erh=\skip51
\f@ncyO@olh=\skip52
\f@ncyO@orh=\skip53
\f@ncyO@elf=\skip54
\f@ncyO@erf=\skip55
\f@ncyO@olf=\skip56
\f@ncyO@orf=\skip57
)
(/usr/local/texlive/2015/texmf-dist/tex/latex/supertabular/supertabular.sty
Package: supertabular 2004/02/20 v4.1e the supertabular environment
\c@tracingst=\count100
\ST@wd=\dimen112
\ST@rightskip=\skip58
\ST@leftskip=\skip59
\ST@parfillskip=\skip60
\ST@pageleft=\dimen113
\ST@headht=\dimen114
\ST@tailht=\dimen115
\ST@pagesofar=\dimen116
\ST@pboxht=\dimen117
\ST@lineht=\dimen118
\ST@stretchht=\dimen119
\ST@prevht=\dimen120
\ST@toadd=\dimen121
\ST@dimen=\dimen122
\ST@pbox=\box28
)
(/usr/local/texlive/2015/texmf-dist/tex/latex/tools/longtable.sty
Package: longtable 2014/10/28 v4.11 Multi-page Table package (DPC)
\LTleft=\skip61
\LTright=\skip62
\LTpre=\skip63
\LTpost=\skip64
\LTchunksize=\count101
\LTcapwidth=\dimen123
\LT@head=\box29
\LT@firsthead=\box30
\LT@foot=\box31
\LT@lastfoot=\box32
\LT@cols=\count102
\LT@rows=\count103
\c@LT@tables=\count104
\c@LT@chunks=\count105
\LT@p@ftn=\toks26
)
(/usr/local/texlive/2015/texmf-dist/tex/latex/tools/hhline.sty
Package: hhline 2014/10/28 v2.03 Table rule package (DPC)
)
(/usr/local/texlive/2015/texmf-dist/tex/latex/colortbl/colortbl.sty
Package: colortbl 2012/02/13 v1.0a Color table columns (DPC)

(/usr/local/texlive/2015/texmf-dist/tex/latex/tools/array.sty
Package: array 2014/10/28 v2.4c Tabular extension package (FMi)
\col@sep=\dimen124
\extrarowheight=\dimen125
\NC@list=\toks27
\extratabsurround=\skip65
\backup@length=\skip66
)
(/usr/local/texlive/2015/texmf-dist/tex/latex/graphics/color.sty
Package: color 2014/10/28 v1.1a Standard LaTeX Color (DPC)

(/usr/local/texlive/2015/texmf-dist/tex/latex/latexconfig/color.cfg
File: color.cfg 2007/01/18 v1.5 color configuration of teTeX/TeXLive
)
Package color Info: Driver file: pdftex.def on input line 142.

(/usr/local/texlive/2015/texmf-dist/tex/latex/pdftex-def/pdftex.def
File: pdftex.def 2011/05/27 v0.06d Graphics/color for pdfTeX

(/usr/local/texlive/2015/texmf-dist/tex/generic/oberdiek/infwarerr.sty
Package: infwarerr 2010/04/08 v1.3 Providing info/warning/error messages (HO)
)
(/usr/local/texlive/2015/texmf-dist/tex/generic/oberdiek/ltxcmds.sty
Package: ltxcmds 2011/11/09 v1.22 LaTeX kernel commands for general use (HO)
)
\Gread@gobject=\count106
))
\everycr=\toks28
\minrowclearance=\skip67
)
(/usr/local/texlive/2015/texmf-dist/tex/latex/import/import.sty
Package: import 2009/03/23  v 5.1
)
(/usr/local/texlive/2015/texmf-dist/tex/latex/tools/multicol.sty
Package: multicol 2015/08/19 v1.8n multicolumn formatting (FMi)
\c@tracingmulticols=\count107
\mult@box=\box33
\multicol@leftmargin=\dimen126
\c@unbalance=\count108
\c@collectmore=\count109
\doublecol@number=\count110
\multicoltolerance=\count111
\multicolpretolerance=\count112
\full@width=\dimen127
\page@free=\dimen128
\premulticols=\dimen129
\postmulticols=\dimen130
\multicolsep=\skip68
\multicolbaselineskip=\skip69
\partial@page=\box34
\last@line=\box35
\maxbalancingoverflow=\dimen131
\mult@rightbox=\box36
\mult@grightbox=\box37
\mult@gfirstbox=\box38
\mult@firstbox=\box39
\@tempa=\box40
\@tempa=\box41
\@tempa=\box42
\@tempa=\box43
\@tempa=\box44
\@tempa=\box45
\@tempa=\box46
\@tempa=\box47
\@tempa=\box48
\@tempa=\box49
\@tempa=\box50
\@tempa=\box51
\@tempa=\box52
\@tempa=\box53
\@tempa=\box54
\@tempa=\box55
\@tempa=\box56
\c@columnbadness=\count113
\c@finalcolumnbadness=\count114
\last@try=\dimen132
\multicolovershoot=\dimen133
\multicolundershoot=\dimen134
\mult@nat@firstbox=\box57
\colbreak@box=\box58
\mc@col@check@num=\count115
)
(/usr/local/texlive/2015/texmf-dist/tex/latex/boxedminipage/boxedminipage.sty)
(/usr/local/texlive/2015/texmf-dist/tex/latex/chapterfolder/chapterfolder.sty
Package: chapterfolder 2005/11/24 v2.0 Package for dealing with folder

(/usr/local/texlive/2015/texmf-dist/tex/latex/base/ifthen.sty
Package: ifthen 2014/09/29 v1.1c Standard LaTeX ifthen package (DPC)
)
\c@@cf@currentpos=\count116
)
(/usr/local/texlive/2015/texmf-dist/tex/latex/carlito/carlito.sty
Package: carlito 2014/08/20 (Bob Tennent) Supports Carlito fonts for LaTeX, pdf
LaTeX, luaLaTeX and xeLaTeX.

(/usr/local/texlive/2015/texmf-dist/tex/generic/ifxetex/ifxetex.sty
Package: ifxetex 2010/09/12 v0.6 Provides ifxetex conditional
)
(/usr/local/texlive/2015/texmf-dist/tex/generic/oberdiek/ifluatex.sty
Package: ifluatex 2010/03/01 v1.3 Provides the ifluatex switch (HO)
Package ifluatex Info: LuaTeX not detected.
)
(/usr/local/texlive/2015/texmf-dist/tex/latex/xkeyval/xkeyval.sty
Package: xkeyval 2014/12/03 v2.7a package option processing (HA)

(/usr/local/texlive/2015/texmf-dist/tex/generic/xkeyval/xkeyval.tex
(/usr/local/texlive/2015/texmf-dist/tex/generic/xkeyval/xkvutils.tex
\XKV@toks=\toks29
\XKV@tempa@toks=\toks30

(/usr/local/texlive/2015/texmf-dist/tex/generic/xkeyval/keyval.tex))
\XKV@depth=\count117
File: xkeyval.tex 2014/12/03 v2.7a key=value parser (HA)
))
(/usr/local/texlive/2015/texmf-dist/tex/latex/base/textcomp.sty
Package: textcomp 2005/09/27 v1.99g Standard LaTeX package
Package textcomp Info: Sub-encoding information:
(textcomp)               5 = only ISO-Adobe without \textcurrency
(textcomp)               4 = 5 + \texteuro
(textcomp)               3 = 4 + \textohm
(textcomp)               2 = 3 + \textestimated + \textcurrency
(textcomp)               1 = TS1 - \textcircled - \t
(textcomp)               0 = TS1 (full)
(textcomp)             Font families with sub-encoding setting implement
(textcomp)             only a restricted character set as indicated.
(textcomp)             Family '?' is the default used for unknown fonts.
(textcomp)             See the documentation for details.
Package textcomp Info: Setting ? sub-encoding to TS1/1 on input line 79.

(/usr/local/texlive/2015/texmf-dist/tex/latex/base/ts1enc.def
File: ts1enc.def 2001/06/05 v3.0e (jk/car/fm) Standard LaTeX file
)
LaTeX Info: Redefining \oldstylenums on input line 334.
Package textcomp Info: Setting cmr sub-encoding to TS1/0 on input line 349.
Package textcomp Info: Setting cmss sub-encoding to TS1/0 on input line 350.
Package textcomp Info: Setting cmtt sub-encoding to TS1/0 on input line 351.
Package textcomp Info: Setting cmvtt sub-encoding to TS1/0 on input line 352.
Package textcomp Info: Setting cmbr sub-encoding to TS1/0 on input line 353.
Package textcomp Info: Setting cmtl sub-encoding to TS1/0 on input line 354.
Package textcomp Info: Setting ccr sub-encoding to TS1/0 on input line 355.
Package textcomp Info: Setting ptm sub-encoding to TS1/4 on input line 356.
Package textcomp Info: Setting pcr sub-encoding to TS1/4 on input line 357.
Package textcomp Info: Setting phv sub-encoding to TS1/4 on input line 358.
Package textcomp Info: Setting ppl sub-encoding to TS1/3 on input line 359.
Package textcomp Info: Setting pag sub-encoding to TS1/4 on input line 360.
Package textcomp Info: Setting pbk sub-encoding to TS1/4 on input line 361.
Package textcomp Info: Setting pnc sub-encoding to TS1/4 on input line 362.
Package textcomp Info: Setting pzc sub-encoding to TS1/4 on input line 363.
Package textcomp Info: Setting bch sub-encoding to TS1/4 on input line 364.
Package textcomp Info: Setting put sub-encoding to TS1/5 on input line 365.
Package textcomp Info: Setting uag sub-encoding to TS1/5 on input line 366.
Package textcomp Info: Setting ugq sub-encoding to TS1/5 on input line 367.
Package textcomp Info: Setting ul8 sub-encoding to TS1/4 on input line 368.
Package textcomp Info: Setting ul9 sub-encoding to TS1/4 on input line 369.
Package textcomp Info: Setting augie sub-encoding to TS1/5 on input line 370.
Package textcomp Info: Setting dayrom sub-encoding to TS1/3 on input line 371.
Package textcomp Info: Setting dayroms sub-encoding to TS1/3 on input line 372.

Package textcomp Info: Setting pxr sub-encoding to TS1/0 on input line 373.
Package textcomp Info: Setting pxss sub-encoding to TS1/0 on input line 374.
Package textcomp Info: Setting pxtt sub-encoding to TS1/0 on input line 375.
Package textcomp Info: Setting txr sub-encoding to TS1/0 on input line 376.
Package textcomp Info: Setting txss sub-encoding to TS1/0 on input line 377.
Package textcomp Info: Setting txtt sub-encoding to TS1/0 on input line 378.
Package textcomp Info: Setting lmr sub-encoding to TS1/0 on input line 379.
Package textcomp Info: Setting lmdh sub-encoding to TS1/0 on input line 380.
Package textcomp Info: Setting lmss sub-encoding to TS1/0 on input line 381.
Package textcomp Info: Setting lmssq sub-encoding to TS1/0 on input line 382.
Package textcomp Info: Setting lmvtt sub-encoding to TS1/0 on input line 383.
Package textcomp Info: Setting lmtt sub-encoding to TS1/0 on input line 384.
Package textcomp Info: Setting qhv sub-encoding to TS1/0 on input line 385.
Package textcomp Info: Setting qag sub-encoding to TS1/0 on input line 386.
Package textcomp Info: Setting qbk sub-encoding to TS1/0 on input line 387.
Package textcomp Info: Setting qcr sub-encoding to TS1/0 on input line 388.
Package textcomp Info: Setting qcs sub-encoding to TS1/0 on input line 389.
Package textcomp Info: Setting qpl sub-encoding to TS1/0 on input line 390.
Package textcomp Info: Setting qtm sub-encoding to TS1/0 on input line 391.
Package textcomp Info: Setting qzc sub-encoding to TS1/0 on input line 392.
Package textcomp Info: Setting qhvc sub-encoding to TS1/0 on input line 393.
Package textcomp Info: Setting futs sub-encoding to TS1/4 on input line 394.
Package textcomp Info: Setting futx sub-encoding to TS1/4 on input line 395.
Package textcomp Info: Setting futj sub-encoding to TS1/4 on input line 396.
Package textcomp Info: Setting hlh sub-encoding to TS1/3 on input line 397.
Package textcomp Info: Setting hls sub-encoding to TS1/3 on input line 398.
Package textcomp Info: Setting hlst sub-encoding to TS1/3 on input line 399.
Package textcomp Info: Setting hlct sub-encoding to TS1/5 on input line 400.
Package textcomp Info: Setting hlx sub-encoding to TS1/5 on input line 401.
Package textcomp Info: Setting hlce sub-encoding to TS1/5 on input line 402.
Package textcomp Info: Setting hlcn sub-encoding to TS1/5 on input line 403.
Package textcomp Info: Setting hlcw sub-encoding to TS1/5 on input line 404.
Package textcomp Info: Setting hlcf sub-encoding to TS1/5 on input line 405.
Package textcomp Info: Setting pplx sub-encoding to TS1/3 on input line 406.
Package textcomp Info: Setting pplj sub-encoding to TS1/3 on input line 407.
Package textcomp Info: Setting ptmx sub-encoding to TS1/4 on input line 408.
Package textcomp Info: Setting ptmj sub-encoding to TS1/4 on input line 409.
)
(/usr/local/texlive/2015/texmf-dist/tex/latex/base/fontenc.sty
Package: fontenc 2005/09/27 v1.99g Standard LaTeX package
)
(/usr/local/texlive/2015/texmf-dist/tex/latex/fontaxes/fontaxes.sty
Package: fontaxes 2014/03/23 v1.0d Font selection axes
LaTeX Info: Redefining \upshape on input line 29.
LaTeX Info: Redefining \itshape on input line 31.
LaTeX Info: Redefining \slshape on input line 33.
LaTeX Info: Redefining \scshape on input line 37.
))
(/usr/local/texlive/2015/texmf-dist/tex/latex/base/fontenc.sty
Package: fontenc 2005/09/27 v1.99g Standard LaTeX package

(/usr/local/texlive/2015/texmf-dist/tex/latex/base/t1enc.def
File: t1enc.def 2005/09/27 v1.99g Standard LaTeX file
LaTeX Font Info:    Redeclaring font encoding T1 on input line 48.
))
(/usr/local/texlive/2015/texmf-dist/tex/generic/mfpic/mfpic.sty
Package: mfpic 2012/12/03 v1.10. Macros for drawing with Metafont/MetaPost.

(/usr/local/texlive/2015/texmf-dist/tex/generic/mfpic/mfpic.tex
(/usr/local/texlive/2015/texmf-dist/tex/latex/graphics/graphics.sty
Package: graphics 2014/10/28 v1.0p Standard LaTeX Graphics (DPC,SPQR)

(/usr/local/texlive/2015/texmf-dist/tex/latex/graphics/trig.sty
Package: trig 1999/03/16 v1.09 sin cos tan (DPC)
)
(/usr/local/texlive/2015/texmf-dist/tex/latex/latexconfig/graphics.cfg
File: graphics.cfg 2010/04/23 v1.9 graphics configuration of TeX Live
)
Package graphics Info: Driver file: pdftex.def on input line 94.
)
\mfp@out=\write3
\mfp@graph=\read1
\mfp@count=\count118
\mfp@linetype=\count119
\mfp@sequence=\count120
\mfp@toks=\toks31
\mfp@verbtex=\toks32
\mfp@fdc=\count121
\@wholegraph=\box59
\@textbox=\box60
\@alltlabels=\box61
\@backtext=\box62
\@tlabelstop=\fontdimen 23\mfp@dummy 
\@tlabelsbot=\fontdimen 24\mfp@dummy 
\@tlabelsleft=\fontdimen 25\mfp@dummy 
\@graphright=\fontdimen 26\mfp@dummy 
\@graphleft=\fontdimen 27\mfp@dummy 
\@graphtop=\fontdimen 28\mfp@dummy 
\@graphbot=\fontdimen 29\mfp@dummy 
\tb@raise=\fontdimen 30\mfp@dummy 
\tb@moveright=\fontdimen 31\mfp@dummy 
\tb@totalht=\fontdimen 32\mfp@dummy 
\tlabel@hadj=\fontdimen 33\mfp@dummy 
\tlabel@vadj=\fontdimen 34\mfp@dummy 
\tlabel@sep=\fontdimen 35\mfp@dummy 
\tlpath@sep=\fontdimen 36\mfp@dummy 
\mfpicunit=\fontdimen 37\mfp@dummy 
\@mfpicunit=\fontdimen 38\mfp@dummy 
\pointsize=\fontdimen 39\mfp@dummy 
\shadespace=\fontdimen 40\mfp@dummy 
\polkadotspace=\fontdimen 41\mfp@dummy 
\hatchspace=\fontdimen 42\mfp@dummy 
\headlen=\fontdimen 43\mfp@dummy 
\axisheadlen=\fontdimen 44\mfp@dummy 
\sideheadlen=\fontdimen 45\mfp@dummy 
\hashlen=\fontdimen 46\mfp@dummy 
\dashlen=\fontdimen 47\mfp@dummy 
\dashspace=\fontdimen 48\mfp@dummy 
\dotsize=\fontdimen 49\mfp@dummy 
\griddotsize=\fontdimen 50\mfp@dummy 
\dotspace=\fontdimen 51\mfp@dummy 
\symbolspace=\fontdimen 52\mfp@dummy 
\mfp@scratch=\dimen135
\mfpframesep=\dimen136
\mfpframethickness=\dimen137
\mfpicheight=\dimen138
\mfpicwidth=\dimen139
\mfpiccaptionskip=\skip70
\tl@vpos=\count122
\tl@hpos=\count123
\mfp@commentchar=\count124
))
(/usr/local/texlive/2015/texmf-dist/tex/latex/graphics/graphicx.sty
Package: graphicx 2014/10/28 v1.0g Enhanced LaTeX Graphics (DPC,SPQR)
\Gin@req@height=\dimen140
\Gin@req@width=\dimen141
)
(/usr/local/texlive/2015/texmf-dist/tex/latex/base/makeidx.sty
Package: makeidx 2014/09/29 v1.0m Standard LaTeX package
)
(/usr/local/texlive/2015/texmf-dist/tex/latex/hyperref/hyperref.sty
Package: hyperref 2012/11/06 v6.83m Hypertext links for LaTeX

(/usr/local/texlive/2015/texmf-dist/tex/generic/oberdiek/hobsub-hyperref.sty
Package: hobsub-hyperref 2012/05/28 v1.13 Bundle oberdiek, subset hyperref (HO)


(/usr/local/texlive/2015/texmf-dist/tex/generic/oberdiek/hobsub-generic.sty
Package: hobsub-generic 2012/05/28 v1.13 Bundle oberdiek, subset generic (HO)
Package: hobsub 2012/05/28 v1.13 Construct package bundles (HO)
Package hobsub Info: Skipping package `infwarerr' (already loaded).
Package hobsub Info: Skipping package `ltxcmds' (already loaded).
Package hobsub Info: Skipping package `ifluatex' (already loaded).
Package: ifvtex 2010/03/01 v1.5 Detect VTeX and its facilities (HO)
Package ifvtex Info: VTeX not detected.
Package: intcalc 2007/09/27 v1.1 Expandable calculations with integers (HO)
Package: ifpdf 2011/01/30 v2.3 Provides the ifpdf switch (HO)
Package ifpdf Info: pdfTeX in PDF mode is detected.
Package: etexcmds 2011/02/16 v1.5 Avoid name clashes with e-TeX commands (HO)
Package etexcmds Info: Could not find \expanded.
(etexcmds)             That can mean that you are not using pdfTeX 1.50 or
(etexcmds)             that some package has redefined \expanded.
(etexcmds)             In the latter case, load this package earlier.
Package: kvsetkeys 2012/04/25 v1.16 Key value parser (HO)
Package: kvdefinekeys 2011/04/07 v1.3 Define keys (HO)
Package: pdftexcmds 2011/11/29 v0.20 Utility functions of pdfTeX for LuaTeX (HO
)
Package pdftexcmds Info: LuaTeX not detected.
Package pdftexcmds Info: \pdf@primitive is available.
Package pdftexcmds Info: \pdf@ifprimitive is available.
Package pdftexcmds Info: \pdfdraftmode found.
Package: pdfescape 2011/11/25 v1.13 Implements pdfTeX's escape features (HO)
Package: bigintcalc 2012/04/08 v1.3 Expandable calculations on big integers (HO
)
Package: bitset 2011/01/30 v1.1 Handle bit-vector datatype (HO)
Package: uniquecounter 2011/01/30 v1.2 Provide unlimited unique counter (HO)
)
Package hobsub Info: Skipping package `hobsub' (already loaded).
Package: letltxmacro 2010/09/02 v1.4 Let assignment for LaTeX macros (HO)
Package: hopatch 2012/05/28 v1.2 Wrapper for package hooks (HO)
Package: xcolor-patch 2011/01/30 xcolor patch
Package: atveryend 2011/06/30 v1.8 Hooks at the very end of document (HO)
Package atveryend Info: \enddocument detected (standard20110627).
Package: atbegshi 2011/10/05 v1.16 At begin shipout hook (HO)
Package: refcount 2011/10/16 v3.4 Data extraction from label references (HO)
Package: hycolor 2011/01/30 v1.7 Color options for hyperref/bookmark (HO)
)
(/usr/local/texlive/2015/texmf-dist/tex/latex/oberdiek/auxhook.sty
Package: auxhook 2011/03/04 v1.3 Hooks for auxiliary files (HO)
)
(/usr/local/texlive/2015/texmf-dist/tex/latex/oberdiek/kvoptions.sty
Package: kvoptions 2011/06/30 v3.11 Key value format for package options (HO)
)
\@linkdim=\dimen142
\Hy@linkcounter=\count125
\Hy@pagecounter=\count126

(/usr/local/texlive/2015/texmf-dist/tex/latex/hyperref/pd1enc.def
File: pd1enc.def 2012/11/06 v6.83m Hyperref: PDFDocEncoding definition (HO)
)
\Hy@SavedSpaceFactor=\count127

(/usr/local/texlive/2015/texmf-dist/tex/latex/latexconfig/hyperref.cfg
File: hyperref.cfg 2002/06/06 v1.2 hyperref configuration of TeXLive
)
Package hyperref Info: Option `colorlinks' set `true' on input line 4319.
Package hyperref Info: Option `hyperindex' set `true' on input line 4319.
Package hyperref Info: Option `plainpages' set `false' on input line 4319.
Package hyperref Info: Option `pdfpagelabels' set `true' on input line 4319.
Package hyperref Info: Hyper figures OFF on input line 4443.
Package hyperref Info: Link nesting OFF on input line 4448.
Package hyperref Info: Hyper index ON on input line 4451.
Package hyperref Info: Plain pages OFF on input line 4458.
Package hyperref Info: Backreferencing OFF on input line 4463.
Package hyperref Info: Implicit mode ON; LaTeX internals redefined.
Package hyperref Info: Bookmarks ON on input line 4688.
\c@Hy@tempcnt=\count128

(/usr/local/texlive/2015/texmf-dist/tex/latex/url/url.sty
\Urlmuskip=\muskip11
Package: url 2013/09/16  ver 3.4  Verb mode for urls, etc.
)
LaTeX Info: Redefining \url on input line 5041.
\XeTeXLinkMargin=\dimen143
\Fld@menulength=\count129
\Field@Width=\dimen144
\Fld@charsize=\dimen145
Package hyperref Info: Hyper figures OFF on input line 6295.
Package hyperref Info: Link nesting OFF on input line 6300.
Package hyperref Info: Hyper index ON on input line 6303.
Package hyperref Info: backreferencing OFF on input line 6310.
Package hyperref Info: Link coloring ON on input line 6313.
Package hyperref Info: Link coloring with OCG OFF on input line 6320.
Package hyperref Info: PDF/A mode OFF on input line 6325.
LaTeX Info: Redefining \ref on input line 6365.
LaTeX Info: Redefining \pageref on input line 6369.
\Hy@abspage=\count130
\c@Item=\count131
\c@Hfootnote=\count132
)

Package hyperref Message: Driver (autodetected): hpdftex.

(/usr/local/texlive/2015/texmf-dist/tex/latex/hyperref/hpdftex.def
File: hpdftex.def 2012/11/06 v6.83m Hyperref driver for pdfTeX
\Fld@listcount=\count133
\c@bookmark@seq@number=\count134

(/usr/local/texlive/2015/texmf-dist/tex/latex/oberdiek/rerunfilecheck.sty
Package: rerunfilecheck 2011/04/15 v1.7 Rerun checks for auxiliary files (HO)
Package uniquecounter Info: New unique counter `rerunfilecheck' on input line 2
82.
)
\Hy@SectionHShift=\skip71
)
(/usr/local/texlive/2015/texmf-dist/tex/latex/oberdiek/hypcap.sty
Package: hypcap 2011/02/16 v1.11 Adjusting the anchors of captions (HO)
)
(/usr/local/texlive/2015/texmf-dist/tex/latex/cancel/cancel.sty
Package: cancel 2013/04/12 v2.2 Cancel math terms
)
(/usr/local/texlive/2015/texmf-dist/tex/latex/sectsty/sectsty.sty
Package: sectsty 2002/02/25 v2.0.2 Commands to change all sectional heading sty
les
)
\c@defn=\count135
\c@thm=\count136
\c@rem=\count137
\c@eqn=\count138
\c@ex=\count139
\c@HW=\count140
\c@HWindent=\count141
LaTeX Font Info:    Redeclaring symbol font `AMSb' on input line 48.
LaTeX Font Info:    Overwriting symbol font `AMSb' in version `normal'
(Font)                  U/msb/m/n --> U/msb/m/n on input line 48.
LaTeX Font Info:    Overwriting symbol font `AMSb' in version `bold'
(Font)                  U/msb/m/n --> U/msb/m/n on input line 48.

(./Compiler0.aux (./Prerequisites.aux))
\openout1 = `Compiler0.aux'.

LaTeX Font Info:    Checking defaults for OML/cmm/m/it on input line 55.
LaTeX Font Info:    ... okay on input line 55.
LaTeX Font Info:    Checking defaults for T1/cmr/m/n on input line 55.
LaTeX Font Info:    ... okay on input line 55.
LaTeX Font Info:    Checking defaults for OT1/cmr/m/n on input line 55.
LaTeX Font Info:    ... okay on input line 55.
LaTeX Font Info:    Checking defaults for OMS/cmsy/m/n on input line 55.
LaTeX Font Info:    ... okay on input line 55.
LaTeX Font Info:    Checking defaults for OMX/cmex/m/n on input line 55.
LaTeX Font Info:    ... okay on input line 55.
LaTeX Font Info:    Checking defaults for U/cmr/m/n on input line 55.
LaTeX Font Info:    ... okay on input line 55.
LaTeX Font Info:    Checking defaults for TS1/cmr/m/n on input line 55.
LaTeX Font Info:    Try loading font information for TS1+cmr on input line 55.

(/usr/local/texlive/2015/texmf-dist/tex/latex/base/ts1cmr.fd
File: ts1cmr.fd 2014/09/29 v2.5h Standard LaTeX font definitions
)
LaTeX Font Info:    ... okay on input line 55.
LaTeX Font Info:    Checking defaults for PD1/pdf/m/n on input line 55.
LaTeX Font Info:    ... okay on input line 55.
LaTeX Font Info:    Try loading font information for T1+Carlito-LF on input lin
e 55.

(/usr/local/texlive/2015/texmf-dist/tex/latex/carlito/T1Carlito-LF.fd
File: T1Carlito-LF.fd 2014/08/20 (autoinst) Font definitions for T1/Carlito-LF.

)
LaTeX Font Info:    Font shape `T1/Carlito-LF/m/n' will be
(Font)              scaled to size 10.95pt on input line 55.

(/usr/local/texlive/2015/texmf-dist/tex/context/base/supp-pdf.mkii
[Loading MPS to PDF converter (version 2006.09.02).]
\scratchcounter=\count142
\scratchdimen=\dimen146
\scratchbox=\box63
\nofMPsegments=\count143
\nofMParguments=\count144
\everyMPshowfont=\toks33
\MPscratchCnt=\count145
\MPscratchDim=\dimen147
\MPnumerator=\count146
\makeMPintoPDFobject=\count147
\everyMPtoPDFconversion=\toks34
)
\c@mv@tabular=\count148
\c@mv@boldtabular=\count149
 (/usr/local/texlive/2015/texmf-dist/tex/latex/oberdiek/epstopdf-base.sty
Package: epstopdf-base 2010/02/09 v2.5 Base part for package epstopdf

(/usr/local/texlive/2015/texmf-dist/tex/latex/oberdiek/grfext.sty
Package: grfext 2010/08/19 v1.1 Manage graphics extensions (HO)
)
Package grfext Info: Graphics extension search list:
(grfext)             [.png,.pdf,.jpg,.mps,.jpeg,.jbig2,.jb2,.PNG,.PDF,.JPG,.JPE
G,.JBIG2,.JB2,.eps]
(grfext)             \AppendGraphicsExtensions on input line 452.

(/usr/local/texlive/2015/texmf-dist/tex/latex/latexconfig/epstopdf-sys.cfg
File: epstopdf-sys.cfg 2010/07/13 v1.3 Configuration of (r)epstopdf for TeX Liv
e
))
\AtBeginShipoutBox=\box64
Package hyperref Info: Link coloring ON on input line 55.

(/usr/local/texlive/2015/texmf-dist/tex/latex/hyperref/nameref.sty
Package: nameref 2012/10/27 v2.43 Cross-referencing by name of section

(/usr/local/texlive/2015/texmf-dist/tex/generic/oberdiek/gettitlestring.sty
Package: gettitlestring 2010/12/03 v1.4 Cleanup title references (HO)
)
\c@section@level=\count150
)
LaTeX Info: Redefining \ref on input line 55.
LaTeX Info: Redefining \pageref on input line 55.
LaTeX Info: Redefining \nameref on input line 55.

(./Compiler0.out) (./Compiler0.out)
\@outlinefile=\write4
\openout4 = `Compiler0.out'.


Chapter 1.
LaTeX Font Info:    Font shape `T1/Carlito-LF/m/n' will be
(Font)              scaled to size 20.74pt on input line 56.
LaTeX Font Info:    Font shape `T1/Carlito-LF/bx/n' in size <20.74> not availab
le
(Font)              Font shape `T1/Carlito-LF/b/n' tried instead on input line 
56.
LaTeX Font Info:    Font shape `T1/Carlito-LF/b/n' will be
(Font)              scaled to size 20.74pt on input line 56.

LaTeX Font Warning: Font shape `T1/Carlito-LF/m/sc' undefined
(Font)              using `T1/Carlito-LF/m/n' instead on input line 56.

LaTeX Font Info:    Font shape `T1/Carlito-LF/m/n' will be
(Font)              scaled to size 24.88pt on input line 56.
LaTeX Font Info:    Font shape `T1/Carlito-LF/bx/n' in size <24.88> not availab
le
(Font)              Font shape `T1/Carlito-LF/b/n' tried instead on input line 
56.
LaTeX Font Info:    Font shape `T1/Carlito-LF/b/n' will be
(Font)              scaled to size 24.88pt on input line 56.
LaTeX Font Info:    Font shape `T1/Carlito-LF/m/sc' will be
(Font)              scaled to size 24.88pt on input line 56.
[1


{/usr/local/texlive/2015/texmf-var/fonts/map/pdftex/updmap/pdftex.map}]
\openout2 = `Prerequisites.aux'.


(./Prerequisites.tex
LaTeX Font Info:    Font shape `T1/Carlito-LF/m/it' will be
(Font)              scaled to size 10.95pt on input line 1.
LaTeX Font Info:    Try loading font information for U+msa on input line 1.

(/usr/local/texlive/2015/texmf-dist/tex/latex/amsfonts/umsa.fd
File: umsa.fd 2013/01/14 v3.01 AMS symbols A
)
LaTeX Font Info:    Try loading font information for U+msb on input line 1.

(/usr/local/texlive/2015/texmf-dist/tex/latex/amsfonts/umsb.fd
File: umsb.fd 2013/01/14 v3.01 AMS symbols B
)
LaTeX Font Info:    Font shape `T1/Carlito-LF/m/n' will be
(Font)              scaled to size 8.0pt on input line 1.
LaTeX Font Info:    Font shape `T1/Carlito-LF/m/n' will be
(Font)              scaled to size 9.0pt on input line 1.
LaTeX Font Info:    Font shape `T1/Carlito-LF/m/n' will be
(Font)              scaled to size 6.0pt on input line 1.
LaTeX Font Info:    Font shape `T1/Carlito-LF/bx/n' in size <10.95> not availab
le
(Font)              Font shape `T1/Carlito-LF/b/n' tried instead on input line 
1.
LaTeX Font Info:    Font shape `T1/Carlito-LF/b/n' will be
(Font)              scaled to size 10.95pt on input line 1.


LaTeX Warning: Reference `Prerequisites' on page 2 undefined on input line 1.


LaTeX Warning: Reference `LinearFunctions' on page 2 undefined on input line 13
.


LaTeX Warning: Reference `AbsoluteValueFunctions' on page 2 undefined on input 
line 17.


LaTeX Warning: Reference `Polynomials' on page 2 undefined on input line 21.


LaTeX Warning: Reference `Rationals' on page 2 undefined on input line 33.

LaTeX Font Info:    Font shape `T1/Carlito-LF/m/sl' in size <10.95> not availab
le
(Font)              Font shape `T1/Carlito-LF/m/it' tried instead on input line
 40.
LaTeX Font Info:    Font shape `T1/Carlito-LF/m/it' will be
(Font)              scaled to size 10.95pt on input line 40.
[2

]
LaTeX Font Info:    Font shape `T1/Carlito-LF/m/n' will be
(Font)              scaled to size 14.4pt on input line 42.
LaTeX Font Info:    Font shape `T1/Carlito-LF/bx/n' in size <14.4> not availabl
e
(Font)              Font shape `T1/Carlito-LF/b/n' tried instead on input line 
42.
LaTeX Font Info:    Font shape `T1/Carlito-LF/b/n' will be
(Font)              scaled to size 14.4pt on input line 42.
LaTeX Font Info:    Font shape `T1/Carlito-LF/m/sc' will be
(Font)              scaled to size 14.4pt on input line 42.
 (./SetTheory.tex

Mfpic: Initializing SetTheory.mp.
\openout3 = `SetTheory.mp'.

Mfpic: Don't forget to process SetTheory.mp!
Mfpic: Apply metapost to SetTheory.mp.
Mfpic: Then reprocess this file "Compiler0".

LaTeX Font Info:    Font shape `T1/Carlito-LF/m/n' will be
(Font)              scaled to size 12.0pt on input line 16.
LaTeX Font Info:    Font shape `T1/Carlito-LF/bx/n' in size <12> not available
(Font)              Font shape `T1/Carlito-LF/b/n' tried instead on input line 
16.
LaTeX Font Info:    Font shape `T1/Carlito-LF/b/n' will be
(Font)              scaled to size 12.0pt on input line 16.
LaTeX Font Info:    Font shape `T1/Carlito-LF/m/sc' will be
(Font)              scaled to size 12.0pt on input line 16.
LaTeX Font Info:    Try loading font information for TS1+Carlito-LF on input li
ne 81.
(/usr/local/texlive/2015/texmf-dist/tex/latex/carlito/TS1Carlito-LF.fd
File: TS1Carlito-LF.fd 2014/08/20 (autoinst) Font definitions for TS1/Carlito-L
F.
)
LaTeX Font Info:    Font shape `TS1/Carlito-LF/m/n' will be
(Font)              scaled to size 10.95pt on input line 81.

[3]
LaTeX Font Info:    Font shape `T1/Carlito-LF/m/it' will be
(Font)              scaled to size 9.0pt on input line 101.
 [4]
File: SetTheory.1 Graphic file (type mps)
 [MP to PDF] (./SetTheory.1)
File: SetTheory.2 Graphic file (type mps)
 [MP to PDF] (./SetTheory.2)
File: SetTheory.3 Graphic file (type mps)
 [MP to PDF]
(./SetTheory.3)
File: SetTheory.4 Graphic file (type mps)
 [MP to PDF] (./SetTheory.4) [5]
LaTeX Font Info:    Font shape `T1/Carlito-LF/m/it' will be
(Font)              scaled to size 8.0pt on input line 307.
LaTeX Font Info:    Font shape `T1/Carlito-LF/m/it' will be
(Font)              scaled to size 6.0pt on input line 307.
 [6] [7]
File: SetTheory.5 Graphic file (type mps)
 [MP to PDF]
(./SetTheory.5)
File: SetTheory.6 Graphic file (type mps)
 [MP to PDF] (./SetTheory.6)
File: SetTheory.7 Graphic file (type mps)
 [MP to PDF] (./SetTheory.7)
File: SetTheory.8 Graphic file (type mps)

[MP to PDF] (./SetTheory.8)
File: SetTheory.9 Graphic file (type mps)
 [MP to PDF] (./SetTheory.9)
File: SetTheory.10 Graphic file (type mps)
 [MP to PDF]
(./SetTheory.10)
File: SetTheory.11 Graphic file (type mps)
 [MP to PDF] (./SetTheory.11)
File: SetTheory.12 Graphic file (type mps)
 [MP to PDF] (./SetTheory.12)
File: SetTheory.13 Graphic file (type mps)

[MP to PDF] (./SetTheory.13)
File: SetTheory.14 Graphic file (type mps)
 [MP to PDF] (./SetTheory.14)
Underfull \vbox (badness 10000) has occurred while \output is active []

 [8]
File: SetTheory.15 Graphic file (type mps)

[MP to PDF] (./SetTheory.15)
File: SetTheory.16 Graphic file (type mps)
 [MP to PDF] (./SetTheory.16)
File: SetTheory.17 Graphic file (type mps)
 [MP to PDF]
(./SetTheory.17)
File: SetTheory.18 Graphic file (type mps)
 [MP to PDF] (./SetTheory.18)
Underfull \vbox (badness 10000) has occurred while \output is active []

 [9]
File: SetTheory.19 Graphic file (type mps)

[MP to PDF] (./SetTheory.19)
File: SetTheory.20 Graphic file (type mps)
 [MP to PDF] (./SetTheory.20) [10]
File: SetTheory.21 Graphic file (type mps)
 [MP to PDF]
(./SetTheory.21)
File: SetTheory.22 Graphic file (type mps)
 [MP to PDF] (./SetTheory.22)
File: SetTheory.23 Graphic file (type mps)
 [MP to PDF] (./SetTheory.23)
File: SetTheory.24 Graphic file (type mps)

[MP to PDF] (./SetTheory.24)
File: SetTheory.25 Graphic file (type mps)
 [MP to PDF] (./SetTheory.25) [11]
File: SetTheory.26 Graphic file (type mps)
 [MP to PDF]
(./SetTheory.26)
File: SetTheory.27 Graphic file (type mps)
 [MP to PDF] (./SetTheory.27)
File: SetTheory.28 Graphic file (type mps)
 [MP to PDF] (./SetTheory.28)
[12] [13]) [14] (./RealNumberArithmetic.tex

Mfpic: No file RealNumberArithmetic.1.

Mfpic: Initializing RealNumberArithmetic.mp.
\openout3 = `RealNumberArithmetic.mp'.

Mfpic: Don't forget to process RealNumberArithmetic.mp!
Mfpic: Apply metapost to RealNumberArithmetic.mp.
Mfpic: Then reprocess this file "Compiler0".

[15]
LaTeX Font Info:    Font shape `T1/Carlito-LF/bx/n' in size <9> not available
(Font)              Font shape `T1/Carlito-LF/b/n' tried instead on input line 
142.
LaTeX Font Info:    Font shape `T1/Carlito-LF/b/n' will be
(Font)              scaled to size 9.0pt on input line 142.


LaTeX Warning: Reference `Rationals' on page 16 undefined on input line 142.


Underfull \vbox (badness 10000) has occurred while \output is active []

 [16]

LaTeX Warning: Reference `Polynomials' on page 17 undefined on input line 147.


Underfull \vbox (badness 10000) has occurred while \output is active []

 [17]
[18] [19] [20]
Underfull \vbox (badness 10000) has occurred while \output is active []

 [21]
Underfull \vbox (badness 4543) has occurred while \output is active []

 [22]
[23]
Underfull \vbox (badness 10000) has occurred while \output is active []

 [24]
Underfull \vbox (badness 10000) has occurred while \output is active []

 [25]
Overfull \hbox (10.96828pt too wide) detected at line 506
[]
 []

[26]
LaTeX Font Info:    Font shape `T1/Carlito-LF/bx/n' in size <8> not available
(Font)              Font shape `T1/Carlito-LF/b/n' tried instead on input line 
539.
LaTeX Font Info:    Font shape `T1/Carlito-LF/b/n' will be
(Font)              scaled to size 8.0pt on input line 539.
LaTeX Font Info:    Font shape `T1/Carlito-LF/bx/n' in size <6> not available
(Font)              Font shape `T1/Carlito-LF/b/n' tried instead on input line 
539.
LaTeX Font Info:    Font shape `T1/Carlito-LF/b/n' will be
(Font)              scaled to size 6.0pt on input line 539.
 [27]

LaTeX Warning: Reference `Polynomials' on page 28 undefined on input line 547.


LaTeX Warning: Reference `RelationsandFunctions' on page 28 undefined on input 
line 550.

[28] [29]
Overfull \hbox (17.83194pt too wide) in paragraph at lines 626--627
[]$[]$[] 
 []


Underfull \vbox (badness 1048) has occurred while \output is active []

 [30]
Overfull \hbox (9.02295pt too wide) in paragraph at lines 667--667
[] \OT1/cmr/m/n/10.95 = [][] = \OMS/cmsy/m/n/10.95 ^^@[]$\T1/Carlito-LF/m/n/10.
95 . When it comes to $[]$, we may write it as $[] \OT1/cmr/m/n/10.95 = [][] =
 []

[31]
Overfull \hbox (1.84471pt too wide) in paragraph at lines 742--743
[]$[]$ 
 []


Overfull \hbox (24.44019pt too wide) in paragraph at lines 797--798
[]$[]$ 
 []


Overfull \hbox (17.83194pt too wide) in paragraph at lines 809--810
[]$[]$ 
 []

) [32] (./LinearEqIneq.tex

Mfpic: No file LinearEqIneq.1.

Mfpic: Initializing LinearEqIneq.mp.
\openout3 = `LinearEqIneq.mp'.

Mfpic: Don't forget to process LinearEqIneq.mp!
Mfpic: Apply metapost to LinearEqIneq.mp.
Mfpic: Then reprocess this file "Compiler0".

[33]
Underfull \vbox (badness 1571) has occurred while \output is active []

 [34]
Underfull \vbox (badness 10000) has occurred while \output is active []

 [35]
[36] [37] [38] [39]) [40] (./AbsValEqIneq.tex

Mfpic: Initializing AbsValEqIneq.mp.
\openout3 = `AbsValEqIneq.mp'.

Mfpic: Don't forget to process AbsValEqIneq.mp!
Mfpic: Apply metapost to AbsValEqIneq.mp.
Mfpic: Then reprocess this file "Compiler0".


LaTeX Warning: Reference `AbsoluteValueFunctions' on page 41 undefined on input
 line 16.

File: AbsValEqIneq.1 Graphic file (type mps)
[MP to PDF] (./AbsValEqIneq.1)
File: AbsValEqIneq.2 Graphic file (type mps)
 [MP to PDF] (./AbsValEqIneq.2)

LaTeX Warning: Reference `AbsoluteValueFunctions' on page 41 undefined on input
 line 92.

[41]
File: AbsValEqIneq.3 Graphic file (type mps)
 [MP to PDF] (./AbsValEqIneq.3) [42] [43]
File: AbsValEqIneq.4 Graphic file (type mps)
 [MP to PDF] (./AbsValEqIneq.4)
File: AbsValEqIneq.5 Graphic file (type mps)

[MP to PDF] (./AbsValEqIneq.5)

LaTeX Warning: Reference `absolutevalueineq' on page 44 undefined on input line
 318.


LaTeX Warning: Reference `absolutevalueineq' on page 44 undefined on input line
 341.

[44]

LaTeX Warning: Reference `absolutevalueineq' on page 45 undefined on input line
 376.


LaTeX Warning: Reference `absolutevalueineq' on page 45 undefined on input line
 386.


LaTeX Warning: Reference `absolutevalueineq' on page 45 undefined on input line
 388.


LaTeX Warning: Reference `absolutevalueineq' on page 45 undefined on input line
 402.

[45] [46]) [47] (./PolyArith.tex

Mfpic: No file PolyArith.1.

Mfpic: Initializing PolyArith.mp.
\openout3 = `PolyArith.mp'.

Mfpic: Don't forget to process PolyArith.mp!
Mfpic: Apply metapost to PolyArith.mp.
Mfpic: Then reprocess this file "Compiler0".

[48]
Underfull \vbox (badness 2261) has occurred while \output is active []

 [49]
[50]
Overfull \hbox (8.62224pt too wide) detected at line 262
[]
 []

[51] [52]

LaTeX Warning: Reference `polydiv' on page 53 undefined on input line 359.

[53] [54] [55] [56]) (./Factoring.tex

Mfpic: No file Factoring.1.

Mfpic: Initializing Factoring.mp.
\openout3 = `Factoring.mp'.

Mfpic: Don't forget to process Factoring.mp!
Mfpic: Apply metapost to Factoring.mp.
Mfpic: Then reprocess this file "Compiler0".


LaTeX Warning: Reference `Polydivision' on page 57 undefined on input line 20.


LaTeX Warning: Reference `RealZeros' on page 57 undefined on input line 34.

[57] [58]
Overfull \hbox (22.70456pt too wide) detected at line 140
[]
 []

[59]

LaTeX Warning: Reference `Polynomials' on page 60 undefined on input line 187.

[60]
Overfull \hbox (6.36424pt too wide) detected at line 235
[]
 []

[61] [62] [63] [64]) [65] (./QuadEqus.tex

Mfpic: No file QuadEqus.1.

Mfpic: Initializing QuadEqus.mp.
\openout3 = `QuadEqus.mp'.

Mfpic: Don't forget to process QuadEqus.mp!
Mfpic: Apply metapost to QuadEqus.mp.
Mfpic: Then reprocess this file "Compiler0".


LaTeX Warning: Reference `Polynomials' on page 66 undefined on input line 16.

[66]

LaTeX Warning: Reference `QuadraticFunctions' on page 67 undefined on input lin
e 68.


Underfull \vbox (badness 10000) has occurred while \output is active []

 [67]
[68] [69]
Underfull \vbox (badness 4048) has occurred while \output is active []

 [70]
[71] [72] [73] [74]) [75] (./RatExpEqus.tex

Mfpic: No file RatExpEqus.1.

Mfpic: Initializing RatExpEqus.mp.
\openout3 = `RatExpEqus.mp'.

Mfpic: Don't forget to process RatExpEqus.mp!
Mfpic: Apply metapost to RatExpEqus.mp.
Mfpic: Then reprocess this file "Compiler0".

[76] [77]
Overfull \hbox (1.5143pt too wide) detected at line 121
[]
 []

[78] [79] [80]
Underfull \vbox (badness 10000) has occurred while \output is active []

 [81]
Underfull \vbox (badness 1442) has occurred while \output is active []

 [82]
[83]) [84] (./RadEqus.tex

Mfpic: No file RadEqus.1.

Mfpic: Initializing RadEqus.mp.
\openout3 = `RadEqus.mp'.

Mfpic: Don't forget to process RadEqus.mp!
Mfpic: Apply metapost to RadEqus.mp.
Mfpic: Then reprocess this file "Compiler0".

[85]
LaTeX Font Info:    Font shape `T1/Carlito-LF/m/n' will be
(Font)              scaled to size 10.0pt on input line 107.

Overfull \hbox (5.88033pt too wide) detected at line 122
[]
 []


Underfull \vbox (badness 10000) has occurred while \output is active []

 [86]
[87]
Underfull \vbox (badness 10000) has occurred while \output is active []

 [88]
Underfull \vbox (badness 1270) has occurred while \output is active []

 [89]
[90] [91]
Underfull \vbox (badness 10000) has occurred while \output is active []

 [92]
[93] [94]) [95])
Package atveryend Info: Empty hook `BeforeClearDocument' on input line 60.
Package atveryend Info: Empty hook `AfterLastShipout' on input line 60.
 (./Compiler0.aux (./Prerequisites.aux))
Package atveryend Info: Executing hook `AtVeryEndDocument' on input line 60.
Package atveryend Info: Executing hook `AtEndAfterFileList' on input line 60.
Package rerunfilecheck Info: File `Compiler0.out' has not changed.
(rerunfilecheck)             Checksum: 1D0BF8D47498EFDD3A4CDD97ABE3E4CB;2092.


LaTeX Font Warning: Some font shapes were not available, defaults substituted.


LaTeX Warning: There were undefined references.


LaTeX Warning: Label(s) may have changed. Rerun to get cross-references right.

Package atveryend Info: Empty hook `AtVeryVeryEnd' on input line 60.
 ) 
Here is how much of TeX's memory you used:
 10035 strings out of 493054
 138241 string characters out of 6134760
 246452 words of memory out of 5000000
 12554 multiletter control sequences out of 15000+600000
 174389 words of font info for 91 fonts, out of 8000000 for 9000
 1141 hyphenation exceptions out of 8191
 34i,22n,43p,1790b,900s stack positions out of 5000i,500n,10000p,200000b,80000s
{/usr/local/texlive/2015/texmf-dist/fonts/enc/dvips/carlito/crlt_llspvt.enc}{
/usr/local/texlive/2015/texmf-dist/fonts/enc/dvips/carlito/crlt_csjzgd.enc}</us
r/local/texlive/2015/texmf-dist/fonts/type1/typoland/carlito/Carlito-Bold.pfb><
/usr/local/texlive/2015/texmf-dist/fonts/type1/typoland/carlito/Carlito-Italic.
pfb></usr/local/texlive/2015/texmf-dist/fonts/type1/typoland/carlito/Carlito.pf
b></usr/local/texlive/2015/texmf-dist/fonts/type1/public/amsfonts/cm/cmex10.pfb
></usr/local/texlive/2015/texmf-dist/fonts/type1/public/amsfonts/cmextra/cmex9.
pfb></usr/local/texlive/2015/texmf-dist/fonts/type1/public/amsfonts/cm/cmmi10.p
fb></usr/local/texlive/2015/texmf-dist/fonts/type1/public/amsfonts/cm/cmmi6.pfb
></usr/local/texlive/2015/texmf-dist/fonts/type1/public/amsfonts/cm/cmmi8.pfb><
/usr/local/texlive/2015/texmf-dist/fonts/type1/public/amsfonts/cm/cmmi9.pfb></u
sr/local/texlive/2015/texmf-dist/fonts/type1/public/amsfonts/cm/cmmib10.pfb></u
sr/local/texlive/2015/texmf-dist/fonts/type1/public/amsfonts/cm/cmr10.pfb></usr
/local/texlive/2015/texmf-dist/fonts/type1/public/amsfonts/cm/cmr5.pfb></usr/lo
cal/texlive/2015/texmf-dist/fonts/type1/public/amsfonts/cm/cmr6.pfb></usr/local
/texlive/2015/texmf-dist/fonts/type1/public/amsfonts/cm/cmr8.pfb></usr/local/te
xlive/2015/texmf-dist/fonts/type1/public/amsfonts/cm/cmr9.pfb></usr/local/texli
ve/2015/texmf-dist/fonts/type1/public/amsfonts/cm/cmsy10.pfb></usr/local/texliv
e/2015/texmf-dist/fonts/type1/public/amsfonts/cm/cmsy8.pfb></usr/local/texlive/
2015/texmf-dist/fonts/type1/public/amsfonts/cm/cmsy9.pfb></usr/local/texlive/20
15/texmf-dist/fonts/type1/public/amsfonts/latxfont/line10.pfb></usr/local/texli
ve/2015/texmf-dist/fonts/type1/public/amsfonts/symbols/msam10.pfb></usr/local/t
exlive/2015/texmf-dist/fonts/type1/public/amsfonts/symbols/msbm10.pfb>
Output written on Compiler0.pdf (95 pages, 574791 bytes).
PDF statistics:
 1523 PDF objects out of 1728 (max. 8388607)
 1391 compressed objects within 14 object streams
 682 named destinations out of 1000 (max. 500000)
 233 words of extra memory for PDF output out of 10000 (max. 10000000)

