\BOOKMARK [0][-]{chapter.1}{Prerequisites}{}% 1
\BOOKMARK [1][-]{section.1.1}{Basic Set Theory and Interval Notation}{chapter.1}% 2
\BOOKMARK [2][-]{subsection.1.1.1}{Some Basic Set Theory Notions}{section.1.1}% 3
\BOOKMARK [2][-]{subsection.1.1.2}{Sets of Real Numbers}{section.1.1}% 4
\BOOKMARK [2][-]{subsection.1.1.3}{Exercises}{section.1.1}% 5
\BOOKMARK [1][-]{section.1.2}{Real Number Arithmetic}{chapter.1}% 6
\BOOKMARK [2][-]{subsection.1.2.1}{Exercises}{section.1.2}% 7
\BOOKMARK [1][-]{section.1.3}{Linear Equations and Inequalities}{chapter.1}% 8
\BOOKMARK [2][-]{subsection.1.3.1}{Linear Equations}{section.1.3}% 9
\BOOKMARK [2][-]{subsection.1.3.2}{Linear Inequalities}{section.1.3}% 10
\BOOKMARK [2][-]{subsection.1.3.3}{Exercises}{section.1.3}% 11
\BOOKMARK [1][-]{section.1.4}{Absolute Value Equations and Inequalities}{chapter.1}% 12
\BOOKMARK [2][-]{subsection.1.4.1}{Absolute Value Equations}{section.1.4}% 13
\BOOKMARK [2][-]{subsection.1.4.2}{Absolute Value Inequalities}{section.1.4}% 14
\BOOKMARK [2][-]{subsection.1.4.3}{Exercises}{section.1.4}% 15
\BOOKMARK [1][-]{section.1.5}{Polynomial Arithmetic}{chapter.1}% 16
\BOOKMARK [2][-]{subsection.1.5.1}{Polynomial Addition, Subtraction and Multiplication.}{section.1.5}% 17
\BOOKMARK [2][-]{subsection.1.5.2}{Polynomial Long Division.}{section.1.5}% 18
\BOOKMARK [2][-]{subsection.1.5.3}{Exercises}{section.1.5}% 19
\BOOKMARK [1][-]{section.1.6}{Factoring}{chapter.1}% 20
\BOOKMARK [2][-]{subsection.1.6.1}{Solving Equations by Factoring}{section.1.6}% 21
\BOOKMARK [2][-]{subsection.1.6.2}{Exercises}{section.1.6}% 22
\BOOKMARK [1][-]{section.1.7}{Quadratic Equations}{chapter.1}% 23
\BOOKMARK [2][-]{subsection.1.7.1}{Exercises}{section.1.7}% 24
\BOOKMARK [1][-]{section.1.8}{Rational Expressions and Equations}{chapter.1}% 25
\BOOKMARK [2][-]{subsection.1.8.1}{Exercises}{section.1.8}% 26
\BOOKMARK [1][-]{section.1.9}{Radicals and Equations}{chapter.1}% 27
\BOOKMARK [2][-]{subsection.1.9.1}{Rationalizing Denominators and Numerators}{section.1.9}% 28
\BOOKMARK [2][-]{subsection.1.9.2}{Exercises}{section.1.9}% 29
